Starting tests on jeff-trawicks-macbook-4.local_darwin at Thu Sep  6 12:37:09 2012
Code version:
['1a9d81401d84 1159\n']
Building for /Users/trawick/inst/22...
['Building for platform Darwin\n', 'rm -f testdiag testcrash mod_backtrace.la mod_whatkilledus.la mod_crash.la *.o\n', 'gcc -DDIAG_BITS_32 -O0 -Wall   -c -o testdiag.o testdiag.c\n', 'gcc -c -DDIAG_BITS_32 -O0 -Wall -g diag.c\n', 'diag.c: In function \xe2\x80\x98add_pointer\xe2\x80\x99:\n', 'diag.c:126: warning: cast from pointer to integer of different size\n', 'gcc  -o testdiag -g testdiag.o diag.o \n', 'gcc -c -DDIAG_BITS_32 -O0 -Wall -g testcrash.c\n', 'gcc  -o testcrash -g testcrash.o diag.o \n', '/Users/trawick/inst/22/bin/apxs -Wc,"-DDIAG_BITS_32 -O0 -Wall" -Wl,"" -c mod_backtrace.c diag.c \n', '/Users/trawick/inst/apr14/build-1/libtool --silent --mode=compile /usr/bin/gcc -m32 -prefer-pic   -DDARWIN -DSIGPROCMASK_SETS_THREAD_MASK -no-cpp-precomp -DDARWIN_10 -DAP_DEBUG -g -Wall -Wmissing-prototypes -Wstrict-prototypes -Wmissing-declarations -I/Users/trawick/inst/22/include  -I/Users/trawick/inst/apr14/include/apr-1   -I/Users/trawick/inst/apr14/include/apr-1  -DDIAG_BITS_32 -O0 -Wall  -c -o mod_backtrace.lo mod_backtrace.c && touch mod_backtrace.slo\n', '/Users/trawick/inst/apr14/build-1/libtool --silent --mode=compile /usr/bin/gcc -m32 -prefer-pic   -DDARWIN -DSIGPROCMASK_SETS_THREAD_MASK -no-cpp-precomp -DDARWIN_10 -DAP_DEBUG -g -Wall -Wmissing-prototypes -Wstrict-prototypes -Wmissing-declarations -I/Users/trawick/inst/22/include  -I/Users/trawick/inst/apr14/include/apr-1   -I/Users/trawick/inst/apr14/include/apr-1  -DDIAG_BITS_32 -O0 -Wall  -c -o diag.lo diag.c && touch diag.slo\n', '/Users/trawick/inst/apr14/build-1/libtool --silent --mode=link /usr/bin/gcc -m32 -o mod_backtrace.la   -rpath /Users/trawick/inst/22/modules -module -avoid-version    diag.lo mod_backtrace.lo\n', '/Users/trawick/inst/22/bin/apxs -Wc,"-DDIAG_BITS_32 -O0 -Wall" -Wl,"" -c mod_whatkilledus.c \n', '/Users/trawick/inst/apr14/build-1/libtool --silent --mode=compile /usr/bin/gcc -m32 -prefer-pic   -DDARWIN -DSIGPROCMASK_SETS_THREAD_MASK -no-cpp-precomp -DDARWIN_10 -DAP_DEBUG -g -Wall -Wmissing-prototypes -Wstrict-prototypes -Wmissing-declarations -I/Users/trawick/inst/22/include  -I/Users/trawick/inst/apr14/include/apr-1   -I/Users/trawick/inst/apr14/include/apr-1  -DDIAG_BITS_32 -O0 -Wall  -c -o mod_whatkilledus.lo mod_whatkilledus.c && touch mod_whatkilledus.slo\n', '/Users/trawick/inst/apr14/build-1/libtool --silent --mode=link /usr/bin/gcc -m32 -o mod_whatkilledus.la   -rpath /Users/trawick/inst/22/modules -module -avoid-version    mod_whatkilledus.lo\n', '/Users/trawick/inst/22/bin/apxs -Wc,"-DDIAG_BITS_32 -O0 -Wall" -Wl,"" -c mod_crash.c \n', '/Users/trawick/inst/apr14/build-1/libtool --silent --mode=compile /usr/bin/gcc -m32 -prefer-pic   -DDARWIN -DSIGPROCMASK_SETS_THREAD_MASK -no-cpp-precomp -DDARWIN_10 -DAP_DEBUG -g -Wall -Wmissing-prototypes -Wstrict-prototypes -Wmissing-declarations -I/Users/trawick/inst/22/include  -I/Users/trawick/inst/apr14/include/apr-1   -I/Users/trawick/inst/apr14/include/apr-1  -DDIAG_BITS_32 -O0 -Wall  -c -o mod_crash.lo mod_crash.c && touch mod_crash.slo\n', '/Users/trawick/inst/apr14/build-1/libtool --silent --mode=link /usr/bin/gcc -m32 -o mod_crash.la   -rpath /Users/trawick/inst/22/modules -module -avoid-version    mod_crash.lo\n', '/Users/trawick/inst/22/bin/apxs -i mod_backtrace.la\n', "/Users/trawick/inst/22/build/instdso.sh SH_LIBTOOL='/Users/trawick/inst/apr14/build-1/libtool' mod_backtrace.la /Users/trawick/inst/22/modules\n", '/Users/trawick/inst/apr14/build-1/libtool --mode=install cp mod_backtrace.la /Users/trawick/inst/22/modules/\n', 'libtool: install: cp .libs/mod_backtrace.so /Users/trawick/inst/22/modules/mod_backtrace.so\n', 'libtool: install: cp .libs/mod_backtrace.lai /Users/trawick/inst/22/modules/mod_backtrace.la\n', 'libtool: install: cp .libs/mod_backtrace.a /Users/trawick/inst/22/modules/mod_backtrace.a\n', 'libtool: install: chmod 644 /Users/trawick/inst/22/modules/mod_backtrace.a\n', 'libtool: install: ranlib /Users/trawick/inst/22/modules/mod_backtrace.a\n', '----------------------------------------------------------------------\n', 'Libraries have been installed in:\n', '   /Users/trawick/inst/22/modules\n', '\n', 'If you ever happen to want to link against installed libraries\n', 'in a given directory, LIBDIR, you must either use libtool, and\n', "specify the full pathname of the library, or use the `-LLIBDIR'\n", 'flag during linking and do at least one of the following:\n', "   - add LIBDIR to the `DYLD_LIBRARY_PATH' environment variable\n", '     during execution\n', '\n', 'See any operating system documentation about shared libraries for\n', 'more information, such as the ld(1) and ld.so(8) manual pages.\n', '----------------------------------------------------------------------\n', 'chmod 755 /Users/trawick/inst/22/modules/mod_backtrace.so\n', '/Users/trawick/inst/22/bin/apxs -i mod_whatkilledus.la\n', "/Users/trawick/inst/22/build/instdso.sh SH_LIBTOOL='/Users/trawick/inst/apr14/build-1/libtool' mod_whatkilledus.la /Users/trawick/inst/22/modules\n", '/Users/trawick/inst/apr14/build-1/libtool --mode=install cp mod_whatkilledus.la /Users/trawick/inst/22/modules/\n', 'libtool: install: cp .libs/mod_whatkilledus.so /Users/trawick/inst/22/modules/mod_whatkilledus.so\n', 'libtool: install: cp .libs/mod_whatkilledus.lai /Users/trawick/inst/22/modules/mod_whatkilledus.la\n', 'libtool: install: cp .libs/mod_whatkilledus.a /Users/trawick/inst/22/modules/mod_whatkilledus.a\n', 'libtool: install: chmod 644 /Users/trawick/inst/22/modules/mod_whatkilledus.a\n', 'libtool: install: ranlib /Users/trawick/inst/22/modules/mod_whatkilledus.a\n', '----------------------------------------------------------------------\n', 'Libraries have been installed in:\n', '   /Users/trawick/inst/22/modules\n', '\n', 'If you ever happen to want to link against installed libraries\n', 'in a given directory, LIBDIR, you must either use libtool, and\n', "specify the full pathname of the library, or use the `-LLIBDIR'\n", 'flag during linking and do at least one of the following:\n', "   - add LIBDIR to the `DYLD_LIBRARY_PATH' environment variable\n", '     during execution\n', '\n', 'See any operating system documentation about shared libraries for\n', 'more information, such as the ld(1) and ld.so(8) manual pages.\n', '----------------------------------------------------------------------\n', 'chmod 755 /Users/trawick/inst/22/modules/mod_whatkilledus.so\n', '/Users/trawick/inst/22/bin/apxs -i mod_crash.la\n', "/Users/trawick/inst/22/build/instdso.sh SH_LIBTOOL='/Users/trawick/inst/apr14/build-1/libtool' mod_crash.la /Users/trawick/inst/22/modules\n", '/Users/trawick/inst/apr14/build-1/libtool --mode=install cp mod_crash.la /Users/trawick/inst/22/modules/\n', 'libtool: install: cp .libs/mod_crash.so /Users/trawick/inst/22/modules/mod_crash.so\n', 'libtool: install: cp .libs/mod_crash.lai /Users/trawick/inst/22/modules/mod_crash.la\n', 'libtool: install: cp .libs/mod_crash.a /Users/trawick/inst/22/modules/mod_crash.a\n', 'libtool: install: chmod 644 /Users/trawick/inst/22/modules/mod_crash.a\n', 'libtool: install: ranlib /Users/trawick/inst/22/modules/mod_crash.a\n', '----------------------------------------------------------------------\n', 'Libraries have been installed in:\n', '   /Users/trawick/inst/22/modules\n', '\n', 'If you ever happen to want to link against installed libraries\n', 'in a given directory, LIBDIR, you must either use libtool, and\n', "specify the full pathname of the library, or use the `-LLIBDIR'\n", 'flag during linking and do at least one of the following:\n', "   - add LIBDIR to the `DYLD_LIBRARY_PATH' environment variable\n", '     during execution\n', '\n', 'See any operating system documentation about shared libraries for\n', 'more information, such as the ld(1) and ld.so(8) manual pages.\n', '----------------------------------------------------------------------\n', 'chmod 755 /Users/trawick/inst/22/modules/mod_crash.so\n']
Build rc: 0
Testing ./testcrash...
['Process id:  15252\n', 'Fatal signal: 11\n', 'Invalid memory address: 0xDEADBEEF\n', 'Backtrace to file descriptor:\n', '0   testcrash                           0x00000001000017e0 diag_backtrace + 122\x00\n', '1   testcrash                           0x0000000100000c0f signal_handler + 161\x00\n', '2   libSystem.B.dylib                   0x00007fff88af31ba _sigtramp + 26\x00\n', '3   ???                                 0x0000000000000001 0x0 + 1\x00\n', '4   testcrash                           0x0000000100000c69 x + 9\x00\n', '5   testcrash                           0x0000000100000c74 w + 9\x00\n', '6   testcrash                           0x0000000100000cc4 main + 78\x00\n', '7   testcrash                           0x0000000100000b24 start + 52\x00\n', '8   ???                                 0x0000000000000001 0x0 + 1\x00\n', 'Backtrace to callback:\n', 'testcrash:signal_handler+218\n', 'libSystem.B.dylib:_sigtramp+26\n', '???:0x0+1\n', 'testcrash:x+9\n', 'testcrash:w+9\n', 'testcrash:main+78\n', 'testcrash:start+52\n', '???:0x0+1\n']
testcrash rc -11
Testing ./testdiag...
['0   testdiag                            0x000000010000165c diag_backtrace + 122\x00\n', '1   testdiag                            0x00000001000008e0 y + 159\x00\n', '2   testdiag                            0x0000000100000b2a x + 9\x00\n', '3   testdiag                            0x0000000100000b35 w + 9\x00\n', '4   testdiag                            0x0000000100000b40 main + 9\x00\n', '5   testdiag                            0x0000000100000778 start + 52\x00\n', '6   ???                                 0x0000000000000001 0x0 + 1\x00\n', '---------------------------------------------------\n', 'testdiag: DIAG_BTFIELDS_ALL\n', '\n', '---------------------------------------------------\n', 'testdiag: DIAG_BTFIELDS_ADDRESS\n', '0x000000010000093c\n', '0x0000000100000b2a\n', '0x0000000100000b35\n', '0x0000000100000b40\n', '0x0000000100000778\n', '0x0000000000000001\n', '\n', '---------------------------------------------------\n', 'testdiag: DIAG_BTFIELDS_FUNCTION | DIAG_BTFIELDS_FN_OFFSET\n', 'y+319\n', 'x+9\n', 'w+9\n', 'main+9\n', 'start+52\n', '0x0+1\n', '\n', '---------------------------------------------------\n', 'testdiag: DIAG_BTFIELDS_FUNCTION\n', 'y\n', 'x\n', 'w\n', 'main\n', 'start\n', '0x0\n', '\n', '---------------------------------------------------\n', 'testdiag: DIAG_BTFIELDS_FUNCTION | DIAG_BTFIELDS_MODULE_NAME\n', 'testdiag:y\n', 'testdiag:x\n', 'testdiag:w\n', 'testdiag:main\n', 'testdiag:start\n', '???:0x0\n', '\n', '---------------------------------------------------\n', 'testdiag: DIAG_BTFIELDS_FUNCTION | DIAG_BTFIELDS_MODULE_PATH\n', 'testdiag:y\n', 'testdiag:x\n', 'testdiag:w\n', 'testdiag:main\n', 'testdiag:start\n', '???:0x0\n', '\n', '---------------------------------------------------\n', 'testdiag: ONELINER\n', 'y<x<w\n']
testdiag rc 0
['Server version: Apache/2.2.23-dev (Unix)\n', 'Server built:   Sep  4 2012 11:20:54\n']
[]
Response from /backtrace/ request:
HTTP/1.1 200 OK
Date: Thu, 06 Sep 2012 16:37:24 GMT
Server: Apache/2.2.23-dev (Unix)
Content-Length: 2352
Connection: close
Content-Type: text/plain

----------------------------------------------------
mod_backtrace: DIAG_BTFIELDS_MODULE_PATH
mod_backtrace.so:0x001ee2f4
mod_backtrace.so:0x001ee53e
httpd:0x00002833
httpd:0x0000309f
httpd:0x0002f0fb
httpd:0x0002b57e
httpd:0x000132b3
httpd:0x000137cb
httpd:0x0003677e
httpd:0x000369a8
----------------------------------------------------
mod_backtrace: DIAG_BTFIELDS_MODULE_NAME
mod_backtrace.so:0x001ee33f
mod_backtrace.so:0x001ee53e
httpd:0x00002833
httpd:0x0000309f
httpd:0x0002f0fb
httpd:0x0002b57e
httpd:0x000132b3
httpd:0x000137cb
httpd:0x0003677e
httpd:0x000369a8
----------------------------------------------------
mod_backtrace: DIAG_BTFIELDS_MODULE_PATH | DIAG_BTFIELDS_MODULE_NAME
mod_backtrace.so:0x001ee38a
mod_backtrace.so:0x001ee53e
httpd:0x00002833
httpd:0x0000309f
httpd:0x0002f0fb
httpd:0x0002b57e
httpd:0x000132b3
httpd:0x000137cb
httpd:0x0003677e
httpd:0x000369a8
----------------------------------------------------
mod_backtrace: DIAG_BTFIELDS_FUNCTION
backtrace
backtrace_handler
ap_run_handler
ap_invoke_handler
ap_process_request
ap_process_http_connection
ap_run_process_connection
ap_process_connection
child_main
make_child
----------------------------------------------------
mod_backtrace: DIAG_BTFIELDS_FN_OFFSET
0x001ee420
0x001ee53e
0x00002833
0x0000309f
0x0002f0fb
0x0002b57e
0x000132b3
0x000137cb
0x0003677e
0x000369a8
----------------------------------------------------
mod_backtrace: DIAG_BTFIELDS_FUNCTION | DIAG_BTFIELDS_FN_OFFSET
backtrace+571
backtrace_handler+55
ap_run_handler+83
ap_invoke_handler+336
ap_process_request+111
ap_process_http_connection+120
ap_run_process_connection+83
ap_process_connection+86
child_main+1480
make_child+408
----------------------------------------------------
mod_backtrace: DIAG_BTFIELDS_ADDRESS
0x001ee4b6
0x001ee53e
0x00002833
0x0000309f
0x0002f0fb
0x0002b57e
0x000132b3
0x000137cb
0x0003677e
0x000369a8
----------------------------------------------------
mod_backtrace: DIAG_BTFIELDS_ADDRESS | DIAG_BTFIELDS_FUNCTION | DIAG_BTFIELDS_FN_OFFSET
backtrace+721 0x001ee501
backtrace_handler+55 0x001ee53e
ap_run_handler+83 0x00002833
ap_invoke_handler+336 0x0000309f
ap_process_request+111 0x0002f0fb
ap_process_http_connection+120 0x0002b57e
ap_run_process_connection+83 0x000132b3
ap_process_connection+86 0x000137cb
child_main+1480 0x0003677e
make_child+408 0x000369a8

Response from /crash/ request:
HTTP/1.1 200 OK
Date: Thu, 06 Sep 2012 16:37:24 GMT
Server: Apache/2.2.23-dev (Unix)
Connection: close
Content-Type: text/plain

Crashing in process 15265...

Pid that crashed: >15265<
/Users/trawick/inst/22/logs/whatkilledus_log:
['**** Crash at 2012-09-06 12:37:24\n', 'Process id:  15265\n', 'Fatal signal: 11\n', '\n', 'mod_backtrace.so:backtrace_get_backtrace+163 0x001edcee\n', 'mod_whatkilledus.so:write_report+203 0x001f639b\n', 'mod_whatkilledus.so:whatkilledus_fatal_exception+447 0x001f65f0\n', 'httpd:ap_run_fatal_exception+81 0x00014b36\n', 'httpd:run_fatal_exception_hook+96 0x00016810\n', 'httpd:sig_coredump+73 0x0001685f\n', 'libSystem.B.dylib:_sigtramp+43 0x9606805b\n', '???:0x0+4294967295 0xffffffff\n', 'mod_crash.so:crash_handler+210 0x001f2dc2\n', 'httpd:ap_run_handler+83 0x00002833\n', 'httpd:ap_invoke_handler+336 0x0000309f\n', 'httpd:ap_process_request+111 0x0002f0fb\n', 'httpd:ap_process_http_connection+120 0x0002b57e\n', 'httpd:ap_run_process_connection+83 0x000132b3\n', 'httpd:ap_process_connection+86 0x000137cb\n', 'httpd:child_main+1480 0x0003677e\n', 'httpd:make_child+408 0x000369a8\n', 'httpd:startup_children+79 0x00036a21\n', 'httpd:ap_mpm_run+744 0x00036fa7\n', 'httpd:main+3292 0x0000a9df\n', 'httpd:start+53 0x00001e11\n', '\n', 'Request line (parsed):\n', 'GET /crash/foo%01%02%03/?****************\n', 'Request headers:\n', 'Connection:close\n', 'Host:127.0.0.1\n', 'X-Jeff:*******\n', 'FooHdr:FooVal\n', 'BarHdr:%01%02%03%04%05%06%07\n', '\n', 'Client connection:\n', '127.0.0.1:57476->127.0.0.1:10080\n', '\n']
/Users/trawick/inst/22/logs/error_log:
['[Thu Sep 06 12:37:24 2012] [notice] mod_backtrace v2.00 from http://emptyhammock.com/\n', '[Thu Sep 06 12:37:24 2012] [notice] mod_whatkilledus v2.00 from http://emptyhammock.com/\n', '[Thu Sep 06 12:37:24 2012] [notice] [client 127.0.0.1] ---MoD_bAcKtRaCe---\n', '[Thu Sep 06 12:37:24 2012] [notice] [client 127.0.0.1] mod_backtrace: backtrace_handler<ap_run_handler<ap_invoke_handler<ap_process_request<ap_process_http_connection\n', '[Thu Sep 06 12:37:24 2012] [notice] Apache/2.2.23-dev (Unix) configured -- resuming normal operations\n', '[Thu Sep 06 12:37:24 2012] [notice] [client 127.0.0.1] mod_crash: about to crash\n', '[Thu Sep 06 12:37:33 2012] [notice] child pid 15265 exit signal Segmentation fault (11), possible coredump in /Users/trawick/inst/22\n', '[Thu Sep 06 12:37:43 2012] [notice] caught SIGTERM, shutting down\n']
Building for /Users/trawick/inst/22-64...
['Building for platform Darwin\n', 'rm -f testdiag testcrash mod_backtrace.la mod_whatkilledus.la mod_crash.la *.o\n', 'gcc -DDIAG_BITS_64 -O0 -Wall   -c -o testdiag.o testdiag.c\n', 'gcc -c -DDIAG_BITS_64 -O0 -Wall -g diag.c\n', 'gcc  -o testdiag -g testdiag.o diag.o \n', 'gcc -c -DDIAG_BITS_64 -O0 -Wall -g testcrash.c\n', 'gcc  -o testcrash -g testcrash.o diag.o \n', '/Users/trawick/inst/22-64/bin/apxs -Wc,"-DDIAG_BITS_64 -O0 -Wall" -Wl,"" -c mod_backtrace.c diag.c \n', '/Users/trawick/inst/apr14-64/build-1/libtool --silent --mode=compile /usr/bin/gcc -m64 -prefer-pic   -DDARWIN -DSIGPROCMASK_SETS_THREAD_MASK -no-cpp-precomp -DDARWIN_10 -DAP_DEBUG -g -Wall -Wmissing-prototypes -Wstrict-prototypes -Wmissing-declarations -I/Users/trawick/inst/22-64/include  -I/Users/trawick/inst/apr14-64/include/apr-1   -I/Users/trawick/inst/apr14-64/include/apr-1  -DDIAG_BITS_64 -O0 -Wall  -c -o mod_backtrace.lo mod_backtrace.c && touch mod_backtrace.slo\n', '/Users/trawick/inst/apr14-64/build-1/libtool --silent --mode=compile /usr/bin/gcc -m64 -prefer-pic   -DDARWIN -DSIGPROCMASK_SETS_THREAD_MASK -no-cpp-precomp -DDARWIN_10 -DAP_DEBUG -g -Wall -Wmissing-prototypes -Wstrict-prototypes -Wmissing-declarations -I/Users/trawick/inst/22-64/include  -I/Users/trawick/inst/apr14-64/include/apr-1   -I/Users/trawick/inst/apr14-64/include/apr-1  -DDIAG_BITS_64 -O0 -Wall  -c -o diag.lo diag.c && touch diag.slo\n', '/Users/trawick/inst/apr14-64/build-1/libtool --silent --mode=link /usr/bin/gcc -m64 -o mod_backtrace.la   -rpath /Users/trawick/inst/22-64/modules -module -avoid-version    diag.lo mod_backtrace.lo\n', '/Users/trawick/inst/22-64/bin/apxs -Wc,"-DDIAG_BITS_64 -O0 -Wall" -Wl,"" -c mod_whatkilledus.c \n', '/Users/trawick/inst/apr14-64/build-1/libtool --silent --mode=compile /usr/bin/gcc -m64 -prefer-pic   -DDARWIN -DSIGPROCMASK_SETS_THREAD_MASK -no-cpp-precomp -DDARWIN_10 -DAP_DEBUG -g -Wall -Wmissing-prototypes -Wstrict-prototypes -Wmissing-declarations -I/Users/trawick/inst/22-64/include  -I/Users/trawick/inst/apr14-64/include/apr-1   -I/Users/trawick/inst/apr14-64/include/apr-1  -DDIAG_BITS_64 -O0 -Wall  -c -o mod_whatkilledus.lo mod_whatkilledus.c && touch mod_whatkilledus.slo\n', '/Users/trawick/inst/apr14-64/build-1/libtool --silent --mode=link /usr/bin/gcc -m64 -o mod_whatkilledus.la   -rpath /Users/trawick/inst/22-64/modules -module -avoid-version    mod_whatkilledus.lo\n', '/Users/trawick/inst/22-64/bin/apxs -Wc,"-DDIAG_BITS_64 -O0 -Wall" -Wl,"" -c mod_crash.c \n', '/Users/trawick/inst/apr14-64/build-1/libtool --silent --mode=compile /usr/bin/gcc -m64 -prefer-pic   -DDARWIN -DSIGPROCMASK_SETS_THREAD_MASK -no-cpp-precomp -DDARWIN_10 -DAP_DEBUG -g -Wall -Wmissing-prototypes -Wstrict-prototypes -Wmissing-declarations -I/Users/trawick/inst/22-64/include  -I/Users/trawick/inst/apr14-64/include/apr-1   -I/Users/trawick/inst/apr14-64/include/apr-1  -DDIAG_BITS_64 -O0 -Wall  -c -o mod_crash.lo mod_crash.c && touch mod_crash.slo\n', '/Users/trawick/inst/apr14-64/build-1/libtool --silent --mode=link /usr/bin/gcc -m64 -o mod_crash.la   -rpath /Users/trawick/inst/22-64/modules -module -avoid-version    mod_crash.lo\n', '/Users/trawick/inst/22-64/bin/apxs -i mod_backtrace.la\n', "/Users/trawick/inst/22-64/build/instdso.sh SH_LIBTOOL='/Users/trawick/inst/apr14-64/build-1/libtool' mod_backtrace.la /Users/trawick/inst/22-64/modules\n", '/Users/trawick/inst/apr14-64/build-1/libtool --mode=install cp mod_backtrace.la /Users/trawick/inst/22-64/modules/\n', 'libtool: install: cp .libs/mod_backtrace.so /Users/trawick/inst/22-64/modules/mod_backtrace.so\n', 'libtool: install: cp .libs/mod_backtrace.lai /Users/trawick/inst/22-64/modules/mod_backtrace.la\n', 'libtool: install: cp .libs/mod_backtrace.a /Users/trawick/inst/22-64/modules/mod_backtrace.a\n', 'libtool: install: chmod 644 /Users/trawick/inst/22-64/modules/mod_backtrace.a\n', 'libtool: install: ranlib /Users/trawick/inst/22-64/modules/mod_backtrace.a\n', '----------------------------------------------------------------------\n', 'Libraries have been installed in:\n', '   /Users/trawick/inst/22-64/modules\n', '\n', 'If you ever happen to want to link against installed libraries\n', 'in a given directory, LIBDIR, you must either use libtool, and\n', "specify the full pathname of the library, or use the `-LLIBDIR'\n", 'flag during linking and do at least one of the following:\n', "   - add LIBDIR to the `DYLD_LIBRARY_PATH' environment variable\n", '     during execution\n', '\n', 'See any operating system documentation about shared libraries for\n', 'more information, such as the ld(1) and ld.so(8) manual pages.\n', '----------------------------------------------------------------------\n', 'chmod 755 /Users/trawick/inst/22-64/modules/mod_backtrace.so\n', '/Users/trawick/inst/22-64/bin/apxs -i mod_whatkilledus.la\n', "/Users/trawick/inst/22-64/build/instdso.sh SH_LIBTOOL='/Users/trawick/inst/apr14-64/build-1/libtool' mod_whatkilledus.la /Users/trawick/inst/22-64/modules\n", '/Users/trawick/inst/apr14-64/build-1/libtool --mode=install cp mod_whatkilledus.la /Users/trawick/inst/22-64/modules/\n', 'libtool: install: cp .libs/mod_whatkilledus.so /Users/trawick/inst/22-64/modules/mod_whatkilledus.so\n', 'libtool: install: cp .libs/mod_whatkilledus.lai /Users/trawick/inst/22-64/modules/mod_whatkilledus.la\n', 'libtool: install: cp .libs/mod_whatkilledus.a /Users/trawick/inst/22-64/modules/mod_whatkilledus.a\n', 'libtool: install: chmod 644 /Users/trawick/inst/22-64/modules/mod_whatkilledus.a\n', 'libtool: install: ranlib /Users/trawick/inst/22-64/modules/mod_whatkilledus.a\n', '----------------------------------------------------------------------\n', 'Libraries have been installed in:\n', '   /Users/trawick/inst/22-64/modules\n', '\n', 'If you ever happen to want to link against installed libraries\n', 'in a given directory, LIBDIR, you must either use libtool, and\n', "specify the full pathname of the library, or use the `-LLIBDIR'\n", 'flag during linking and do at least one of the following:\n', "   - add LIBDIR to the `DYLD_LIBRARY_PATH' environment variable\n", '     during execution\n', '\n', 'See any operating system documentation about shared libraries for\n', 'more information, such as the ld(1) and ld.so(8) manual pages.\n', '----------------------------------------------------------------------\n', 'chmod 755 /Users/trawick/inst/22-64/modules/mod_whatkilledus.so\n', '/Users/trawick/inst/22-64/bin/apxs -i mod_crash.la\n', "/Users/trawick/inst/22-64/build/instdso.sh SH_LIBTOOL='/Users/trawick/inst/apr14-64/build-1/libtool' mod_crash.la /Users/trawick/inst/22-64/modules\n", '/Users/trawick/inst/apr14-64/build-1/libtool --mode=install cp mod_crash.la /Users/trawick/inst/22-64/modules/\n', 'libtool: install: cp .libs/mod_crash.so /Users/trawick/inst/22-64/modules/mod_crash.so\n', 'libtool: install: cp .libs/mod_crash.lai /Users/trawick/inst/22-64/modules/mod_crash.la\n', 'libtool: install: cp .libs/mod_crash.a /Users/trawick/inst/22-64/modules/mod_crash.a\n', 'libtool: install: chmod 644 /Users/trawick/inst/22-64/modules/mod_crash.a\n', 'libtool: install: ranlib /Users/trawick/inst/22-64/modules/mod_crash.a\n', '----------------------------------------------------------------------\n', 'Libraries have been installed in:\n', '   /Users/trawick/inst/22-64/modules\n', '\n', 'If you ever happen to want to link against installed libraries\n', 'in a given directory, LIBDIR, you must either use libtool, and\n', "specify the full pathname of the library, or use the `-LLIBDIR'\n", 'flag during linking and do at least one of the following:\n', "   - add LIBDIR to the `DYLD_LIBRARY_PATH' environment variable\n", '     during execution\n', '\n', 'See any operating system documentation about shared libraries for\n', 'more information, such as the ld(1) and ld.so(8) manual pages.\n', '----------------------------------------------------------------------\n', 'chmod 755 /Users/trawick/inst/22-64/modules/mod_crash.so\n']
Build rc: 0
Testing ./testcrash...
['Process id:  15884\n', 'Fatal signal: 11\n', 'Invalid memory address: 0xDEADBEEF\n', 'Backtrace to file descriptor:\n', '0   testcrash                           0x00000001000017e0 diag_backtrace + 122\x00\n', '1   testcrash                           0x0000000100000bff signal_handler + 161\x00\n', '2   libSystem.B.dylib                   0x00007fff88af31ba _sigtramp + 26\x00\n', '3   ???                                 0x0000000000000001 0x0 + 1\x00\n', '4   testcrash                           0x0000000100000c59 x + 9\x00\n', '5   testcrash                           0x0000000100000c64 w + 9\x00\n', '6   testcrash                           0x0000000100000cb4 main + 78\x00\n', '7   testcrash                           0x0000000100000b14 start + 52\x00\n', 'Backtrace to callback:\n', 'testcrash:signal_handler+218\n', 'libSystem.B.dylib:_sigtramp+26\n', '???:0x0+1\n', 'testcrash:x+9\n', 'testcrash:w+9\n', 'testcrash:main+78\n', 'testcrash:start+52\n']
testcrash rc -11
Testing ./testdiag...
['0   testdiag                            0x000000010000165c diag_backtrace + 122\x00\n', '1   testdiag                            0x00000001000008d0 y + 159\x00\n', '2   testdiag                            0x0000000100000b1a x + 9\x00\n', '3   testdiag                            0x0000000100000b25 w + 9\x00\n', '4   testdiag                            0x0000000100000b30 main + 9\x00\n', '5   testdiag                            0x0000000100000768 start + 52\x00\n', '---------------------------------------------------\n', 'testdiag: DIAG_BTFIELDS_ALL\n', '\n', '---------------------------------------------------\n', 'testdiag: DIAG_BTFIELDS_ADDRESS\n', '0x000000010000092c\n', '0x0000000100000b1a\n', '0x0000000100000b25\n', '0x0000000100000b30\n', '0x0000000100000768\n', '\n', '---------------------------------------------------\n', 'testdiag: DIAG_BTFIELDS_FUNCTION | DIAG_BTFIELDS_FN_OFFSET\n', 'y+319\n', 'x+9\n', 'w+9\n', 'main+9\n', 'start+52\n', '\n', '---------------------------------------------------\n', 'testdiag: DIAG_BTFIELDS_FUNCTION\n', 'y\n', 'x\n', 'w\n', 'main\n', 'start\n', '\n', '---------------------------------------------------\n', 'testdiag: DIAG_BTFIELDS_FUNCTION | DIAG_BTFIELDS_MODULE_NAME\n', 'testdiag:y\n', 'testdiag:x\n', 'testdiag:w\n', 'testdiag:main\n', 'testdiag:start\n', '\n', '---------------------------------------------------\n', 'testdiag: DIAG_BTFIELDS_FUNCTION | DIAG_BTFIELDS_MODULE_PATH\n', 'testdiag:y\n', 'testdiag:x\n', 'testdiag:w\n', 'testdiag:main\n', 'testdiag:start\n', '\n', '---------------------------------------------------\n', 'testdiag: ONELINER\n', 'y<x<w\n']
testdiag rc 0
['Server version: Apache/2.2.23-dev (Unix)\n', 'Server built:   Sep  3 2012 17:18:11\n']
[]
Response from /backtrace/ request:
HTTP/1.1 200 OK
Date: Thu, 06 Sep 2012 16:38:04 GMT
Server: Apache/2.2.23-dev (Unix) DAV/2
Content-Length: 2832
Connection: close
Content-Type: text/plain

----------------------------------------------------
mod_backtrace: DIAG_BTFIELDS_MODULE_PATH
mod_backtrace.so:0x0000000100494d07
mod_backtrace.so:0x0000000100494ec8
httpd:0x00000001000012ed
httpd:0x0000000100001bc6
httpd:0x000000010002ecd6
httpd:0x000000010002b4f5
httpd:0x00000001000128f1
httpd:0x0000000100012d98
httpd:0x000000010003625e
httpd:0x000000010003641d
----------------------------------------------------
mod_backtrace: DIAG_BTFIELDS_MODULE_NAME
mod_backtrace.so:0x0000000100494d40
mod_backtrace.so:0x0000000100494ec8
httpd:0x00000001000012ed
httpd:0x0000000100001bc6
httpd:0x000000010002ecd6
httpd:0x000000010002b4f5
httpd:0x00000001000128f1
httpd:0x0000000100012d98
httpd:0x000000010003625e
httpd:0x000000010003641d
----------------------------------------------------
mod_backtrace: DIAG_BTFIELDS_MODULE_PATH | DIAG_BTFIELDS_MODULE_NAME
mod_backtrace.so:0x0000000100494d79
mod_backtrace.so:0x0000000100494ec8
httpd:0x00000001000012ed
httpd:0x0000000100001bc6
httpd:0x000000010002ecd6
httpd:0x000000010002b4f5
httpd:0x00000001000128f1
httpd:0x0000000100012d98
httpd:0x000000010003625e
httpd:0x000000010003641d
----------------------------------------------------
mod_backtrace: DIAG_BTFIELDS_FUNCTION
backtrace
backtrace_handler
ap_run_handler
ap_invoke_handler
ap_process_request
ap_process_http_connection
ap_run_process_connection
ap_process_connection
child_main
make_child
----------------------------------------------------
mod_backtrace: DIAG_BTFIELDS_FN_OFFSET
0x0000000100494deb
0x0000000100494ec8
0x00000001000012ed
0x0000000100001bc6
0x000000010002ecd6
0x000000010002b4f5
0x00000001000128f1
0x0000000100012d98
0x000000010003625e
0x000000010003641d
----------------------------------------------------
mod_backtrace: DIAG_BTFIELDS_FUNCTION | DIAG_BTFIELDS_FN_OFFSET
backtrace+452
backtrace_handler+48
ap_run_handler+88
ap_invoke_handler+354
ap_process_request+103
ap_process_http_connection+116
ap_run_process_connection+88
ap_process_connection+91
child_main+1257
make_child+329
----------------------------------------------------
mod_backtrace: DIAG_BTFIELDS_ADDRESS
0x0000000100494e5d
0x0000000100494ec8
0x00000001000012ed
0x0000000100001bc6
0x000000010002ecd6
0x000000010002b4f5
0x00000001000128f1
0x0000000100012d98
0x000000010003625e
0x000000010003641d
----------------------------------------------------
mod_backtrace: DIAG_BTFIELDS_ADDRESS | DIAG_BTFIELDS_FUNCTION | DIAG_BTFIELDS_FN_OFFSET
backtrace+566 0x0000000100494e96
backtrace_handler+48 0x0000000100494ec8
ap_run_handler+88 0x00000001000012ed
ap_invoke_handler+354 0x0000000100001bc6
ap_process_request+103 0x000000010002ecd6
ap_process_http_connection+116 0x000000010002b4f5
ap_run_process_connection+88 0x00000001000128f1
ap_process_connection+91 0x0000000100012d98
child_main+1257 0x000000010003625e
make_child+329 0x000000010003641d

Response from /crash/ request:
HTTP/1.1 200 OK
Date: Thu, 06 Sep 2012 16:38:04 GMT
Server: Apache/2.2.23-dev (Unix) DAV/2
Connection: close
Content-Type: text/plain

Crashing in process 15893...

Pid that crashed: >15893<
/Users/trawick/inst/22-64/logs/whatkilledus_log:
['**** Crash at 2012-09-06 12:38:04\n', 'Process id:  15893\n', 'Fatal signal: 11\n', '\n', 'mod_backtrace.so:backtrace_get_backtrace+153 0x0000000100494739\n', 'mod_whatkilledus.so:write_report+181 0x000000010049d07c\n', 'mod_whatkilledus.so:whatkilledus_fatal_exception+396 0x000000010049d271\n', 'httpd:ap_run_fatal_exception+88 0x00000001000140d6\n', 'httpd:run_fatal_exception_hook+78 0x0000000100015b5e\n', 'httpd:sig_coredump+54 0x0000000100015b96\n', 'libSystem.B.dylib:_sigtramp+26 0x00007fff88af31ba\n', 'httpd:ap_pass_brigade+186 0x00000001000173ca\n', 'mod_crash.so:crash_handler+177 0x0000000100499cba\n', 'httpd:ap_run_handler+88 0x00000001000012ed\n', 'httpd:ap_invoke_handler+354 0x0000000100001bc6\n', 'httpd:ap_process_request+103 0x000000010002ecd6\n', 'httpd:ap_process_http_connection+116 0x000000010002b4f5\n', 'httpd:ap_run_process_connection+88 0x00000001000128f1\n', 'httpd:ap_process_connection+91 0x0000000100012d98\n', 'httpd:child_main+1257 0x000000010003625e\n', 'httpd:make_child+329 0x000000010003641d\n', 'httpd:startup_children+76 0x0000000100036494\n', 'httpd:ap_mpm_run+664 0x0000000100036987\n', 'httpd:main+2878 0x00000001000098ce\n', 'httpd:start+52 0x000000010000097c\n', '\n', 'Request line (parsed):\n', 'GET /crash/foo%01%02%03/?****************\n', 'Request headers:\n', 'Connection:close\n', 'Host:127.0.0.1\n', 'X-Jeff:*******\n', 'FooHdr:FooVal\n', 'BarHdr:%01%02%03%04%05%06%07\n', '\n', 'Client connection:\n', '127.0.0.1:57485->127.0.0.1:10080\n', '\n']
/Users/trawick/inst/22-64/logs/error_log:
['[Thu Sep 06 12:38:02 2012] [notice] mod_backtrace v2.00 from http://emptyhammock.com/\n', '[Thu Sep 06 12:38:02 2012] [notice] mod_whatkilledus v2.00 from http://emptyhammock.com/\n', '[Thu Sep 06 12:38:03 2012] [notice] Digest: generating secret for digest authentication ...\n', '[Thu Sep 06 12:38:03 2012] [notice] Digest: done\n', '[Thu Sep 06 12:38:04 2012] [notice] Apache/2.2.23-dev (Unix) DAV/2 configured -- resuming normal operations\n', '[Thu Sep 06 12:38:04 2012] [notice] [client 127.0.0.1] ---MoD_bAcKtRaCe---\n', '[Thu Sep 06 12:38:04 2012] [notice] [client 127.0.0.1] mod_backtrace: backtrace_handler<ap_run_handler<ap_invoke_handler<ap_process_request<ap_process_http_connection\n', '[Thu Sep 06 12:38:04 2012] [error] Optional function test said: GET /backtrace/ HTTP/1.0\n', '[Thu Sep 06 12:38:04 2012] [error] Optional hook test said: GET /backtrace/ HTTP/1.0\n', '[Thu Sep 06 12:38:04 2012] [notice] [client 127.0.0.1] mod_crash: about to crash\n', '[Thu Sep 06 12:38:16 2012] [notice] child pid 15893 exit signal Segmentation fault (11), possible coredump in /Users/trawick/inst/22-64\n', '[Thu Sep 06 12:38:25 2012] [notice] caught SIGTERM, shutting down\n']
Building for /Users/trawick/inst/24...
["[Thu Sep 06 12:38:31.319942 2012] [proxy:debug] [pid 15903:tid 2691855680] mod_proxy.c(1941): AH01147: Defining worker 'http://127.0.0.1:10081' for balancer 'balancer://mycluster'\n", "[Thu Sep 06 12:38:31.320379 2012] [proxy:debug] [pid 15903:tid 2691855680] mod_proxy.c(1946): AH01148: Defined worker 'http://127.0.0.1:10081' for balancer 'balancer://mycluster'\n", "[Thu Sep 06 12:38:31.320418 2012] [proxy:debug] [pid 15903:tid 2691855680] mod_proxy.c(1941): AH01147: Defining worker 'http://127.0.0.1:10080' for balancer 'balancer://mycluster'\n", "[Thu Sep 06 12:38:31.320443 2012] [proxy:debug] [pid 15903:tid 2691855680] mod_proxy.c(1946): AH01148: Defined worker 'http://127.0.0.1:10080' for balancer 'balancer://mycluster'\n", 'Building for platform Darwin\n', 'rm -f testdiag testcrash mod_backtrace.la mod_whatkilledus.la mod_crash.la *.o\n', 'gcc -DDIAG_BITS_32 -O0 -Wall   -c -o testdiag.o testdiag.c\n', 'gcc -c -DDIAG_BITS_32 -O0 -Wall -g diag.c\n', 'diag.c: In function \xe2\x80\x98add_pointer\xe2\x80\x99:\n', 'diag.c:126: warning: cast from pointer to integer of different size\n', 'gcc  -o testdiag -g testdiag.o diag.o \n', 'gcc -c -DDIAG_BITS_32 -O0 -Wall -g testcrash.c\n', 'gcc  -o testcrash -g testcrash.o diag.o \n', '/Users/trawick/inst/24/bin/apxs -Wc,"-DDIAG_BITS_32 -O0 -Wall" -Wl,"" -c mod_backtrace.c diag.c \n', '/Users/trawick/inst/apr14/build-1/libtool --silent --mode=compile /usr/bin/gcc -m32 -std=gnu99 -prefer-pic   -DDARWIN -DSIGPROCMASK_SETS_THREAD_MASK -no-cpp-precomp -DDARWIN_10 -DAP_DEBUG -g -Wall -Wmissing-prototypes -Wstrict-prototypes -Wmissing-declarations -Wpointer-arith -Wdeclaration-after-statement -Werror=declaration-after-statement -Wformat -Wformat-security -Werror=format-security -I/usr/include/libxml2 -I/Users/trawick/inst/24/include  -I/Users/trawick/inst/apr14/include/apr-1   -I/Users/trawick/inst/apr14/include/apr-1  -DDIAG_BITS_32 -O0 -Wall  -c -o mod_backtrace.lo mod_backtrace.c && touch mod_backtrace.slo\n', 'mod_backtrace.c: In function \xe2\x80\x98merge_backtrace_server_conf\xe2\x80\x99:\n', 'mod_backtrace.c:114: warning: unused variable \xe2\x80\x98overrides\xe2\x80\x99\n', '/Users/trawick/inst/apr14/build-1/libtool --silent --mode=compile /usr/bin/gcc -m32 -std=gnu99 -prefer-pic   -DDARWIN -DSIGPROCMASK_SETS_THREAD_MASK -no-cpp-precomp -DDARWIN_10 -DAP_DEBUG -g -Wall -Wmissing-prototypes -Wstrict-prototypes -Wmissing-declarations -Wpointer-arith -Wdeclaration-after-statement -Werror=declaration-after-statement -Wformat -Wformat-security -Werror=format-security -I/usr/include/libxml2 -I/Users/trawick/inst/24/include  -I/Users/trawick/inst/apr14/include/apr-1   -I/Users/trawick/inst/apr14/include/apr-1  -DDIAG_BITS_32 -O0 -Wall  -c -o diag.lo diag.c && touch diag.slo\n', '/Users/trawick/inst/apr14/build-1/libtool --silent --mode=link /usr/bin/gcc -m32 -std=gnu99 -o mod_backtrace.la   -rpath /Users/trawick/inst/24/modules -module -avoid-version    diag.lo mod_backtrace.lo\n', '/Users/trawick/inst/24/bin/apxs -Wc,"-DDIAG_BITS_32 -O0 -Wall" -Wl,"" -c mod_whatkilledus.c \n', '/Users/trawick/inst/apr14/build-1/libtool --silent --mode=compile /usr/bin/gcc -m32 -std=gnu99 -prefer-pic   -DDARWIN -DSIGPROCMASK_SETS_THREAD_MASK -no-cpp-precomp -DDARWIN_10 -DAP_DEBUG -g -Wall -Wmissing-prototypes -Wstrict-prototypes -Wmissing-declarations -Wpointer-arith -Wdeclaration-after-statement -Werror=declaration-after-statement -Wformat -Wformat-security -Werror=format-security -I/usr/include/libxml2 -I/Users/trawick/inst/24/include  -I/Users/trawick/inst/apr14/include/apr-1   -I/Users/trawick/inst/apr14/include/apr-1  -DDIAG_BITS_32 -O0 -Wall  -c -o mod_whatkilledus.lo mod_whatkilledus.c && touch mod_whatkilledus.slo\n', '/Users/trawick/inst/apr14/build-1/libtool --silent --mode=link /usr/bin/gcc -m32 -std=gnu99 -o mod_whatkilledus.la   -rpath /Users/trawick/inst/24/modules -module -avoid-version    mod_whatkilledus.lo\n', '/Users/trawick/inst/24/bin/apxs -Wc,"-DDIAG_BITS_32 -O0 -Wall" -Wl,"" -c mod_crash.c \n', '/Users/trawick/inst/apr14/build-1/libtool --silent --mode=compile /usr/bin/gcc -m32 -std=gnu99 -prefer-pic   -DDARWIN -DSIGPROCMASK_SETS_THREAD_MASK -no-cpp-precomp -DDARWIN_10 -DAP_DEBUG -g -Wall -Wmissing-prototypes -Wstrict-prototypes -Wmissing-declarations -Wpointer-arith -Wdeclaration-after-statement -Werror=declaration-after-statement -Wformat -Wformat-security -Werror=format-security -I/usr/include/libxml2 -I/Users/trawick/inst/24/include  -I/Users/trawick/inst/apr14/include/apr-1   -I/Users/trawick/inst/apr14/include/apr-1  -DDIAG_BITS_32 -O0 -Wall  -c -o mod_crash.lo mod_crash.c && touch mod_crash.slo\n', '/Users/trawick/inst/apr14/build-1/libtool --silent --mode=link /usr/bin/gcc -m32 -std=gnu99 -o mod_crash.la   -rpath /Users/trawick/inst/24/modules -module -avoid-version    mod_crash.lo\n', '/Users/trawick/inst/24/bin/apxs -i mod_backtrace.la\n', "/Users/trawick/inst/24/build/instdso.sh SH_LIBTOOL='/Users/trawick/inst/apr14/build-1/libtool' mod_backtrace.la /Users/trawick/inst/24/modules\n", '/Users/trawick/inst/apr14/build-1/libtool --mode=install install mod_backtrace.la /Users/trawick/inst/24/modules/\n', 'libtool: install: install .libs/mod_backtrace.so /Users/trawick/inst/24/modules/mod_backtrace.so\n', 'libtool: install: install .libs/mod_backtrace.lai /Users/trawick/inst/24/modules/mod_backtrace.la\n', 'libtool: install: install .libs/mod_backtrace.a /Users/trawick/inst/24/modules/mod_backtrace.a\n', 'libtool: install: chmod 644 /Users/trawick/inst/24/modules/mod_backtrace.a\n', 'libtool: install: ranlib /Users/trawick/inst/24/modules/mod_backtrace.a\n', '----------------------------------------------------------------------\n', 'Libraries have been installed in:\n', '   /Users/trawick/inst/24/modules\n', '\n', 'If you ever happen to want to link against installed libraries\n', 'in a given directory, LIBDIR, you must either use libtool, and\n', "specify the full pathname of the library, or use the `-LLIBDIR'\n", 'flag during linking and do at least one of the following:\n', "   - add LIBDIR to the `DYLD_LIBRARY_PATH' environment variable\n", '     during execution\n', '\n', 'See any operating system documentation about shared libraries for\n', 'more information, such as the ld(1) and ld.so(8) manual pages.\n', '----------------------------------------------------------------------\n', 'chmod 755 /Users/trawick/inst/24/modules/mod_backtrace.so\n', '/Users/trawick/inst/24/bin/apxs -i mod_whatkilledus.la\n', "/Users/trawick/inst/24/build/instdso.sh SH_LIBTOOL='/Users/trawick/inst/apr14/build-1/libtool' mod_whatkilledus.la /Users/trawick/inst/24/modules\n", '/Users/trawick/inst/apr14/build-1/libtool --mode=install install mod_whatkilledus.la /Users/trawick/inst/24/modules/\n', 'libtool: install: install .libs/mod_whatkilledus.so /Users/trawick/inst/24/modules/mod_whatkilledus.so\n', 'libtool: install: install .libs/mod_whatkilledus.lai /Users/trawick/inst/24/modules/mod_whatkilledus.la\n', 'libtool: install: install .libs/mod_whatkilledus.a /Users/trawick/inst/24/modules/mod_whatkilledus.a\n', 'libtool: install: chmod 644 /Users/trawick/inst/24/modules/mod_whatkilledus.a\n', 'libtool: install: ranlib /Users/trawick/inst/24/modules/mod_whatkilledus.a\n', '----------------------------------------------------------------------\n', 'Libraries have been installed in:\n', '   /Users/trawick/inst/24/modules\n', '\n', 'If you ever happen to want to link against installed libraries\n', 'in a given directory, LIBDIR, you must either use libtool, and\n', "specify the full pathname of the library, or use the `-LLIBDIR'\n", 'flag during linking and do at least one of the following:\n', "   - add LIBDIR to the `DYLD_LIBRARY_PATH' environment variable\n", '     during execution\n', '\n', 'See any operating system documentation about shared libraries for\n', 'more information, such as the ld(1) and ld.so(8) manual pages.\n', '----------------------------------------------------------------------\n', 'chmod 755 /Users/trawick/inst/24/modules/mod_whatkilledus.so\n', '/Users/trawick/inst/24/bin/apxs -i mod_crash.la\n', "/Users/trawick/inst/24/build/instdso.sh SH_LIBTOOL='/Users/trawick/inst/apr14/build-1/libtool' mod_crash.la /Users/trawick/inst/24/modules\n", '/Users/trawick/inst/apr14/build-1/libtool --mode=install install mod_crash.la /Users/trawick/inst/24/modules/\n', 'libtool: install: install .libs/mod_crash.so /Users/trawick/inst/24/modules/mod_crash.so\n', 'libtool: install: install .libs/mod_crash.lai /Users/trawick/inst/24/modules/mod_crash.la\n', 'libtool: install: install .libs/mod_crash.a /Users/trawick/inst/24/modules/mod_crash.a\n', 'libtool: install: chmod 644 /Users/trawick/inst/24/modules/mod_crash.a\n', 'libtool: install: ranlib /Users/trawick/inst/24/modules/mod_crash.a\n', '----------------------------------------------------------------------\n', 'Libraries have been installed in:\n', '   /Users/trawick/inst/24/modules\n', '\n', 'If you ever happen to want to link against installed libraries\n', 'in a given directory, LIBDIR, you must either use libtool, and\n', "specify the full pathname of the library, or use the `-LLIBDIR'\n", 'flag during linking and do at least one of the following:\n', "   - add LIBDIR to the `DYLD_LIBRARY_PATH' environment variable\n", '     during execution\n', '\n', 'See any operating system documentation about shared libraries for\n', 'more information, such as the ld(1) and ld.so(8) manual pages.\n', '----------------------------------------------------------------------\n', 'chmod 755 /Users/trawick/inst/24/modules/mod_crash.so\n']
Build rc: 0
Testing ./testcrash...
['Process id:  16507\n', 'Fatal signal: 11\n', 'Invalid memory address: 0xDEADBEEF\n', 'Backtrace to file descriptor:\n', '0   testcrash                           0x00000001000017e0 diag_backtrace + 122\x00\n', '1   testcrash                           0x0000000100000c0f signal_handler + 161\x00\n', '2   libSystem.B.dylib                   0x00007fff88af31ba _sigtramp + 26\x00\n', '3   ???                                 0x0000000000000001 0x0 + 1\x00\n', '4   testcrash                           0x0000000100000c69 x + 9\x00\n', '5   testcrash                           0x0000000100000c74 w + 9\x00\n', '6   testcrash                           0x0000000100000cc4 main + 78\x00\n', '7   testcrash                           0x0000000100000b24 start + 52\x00\n', '8   ???                                 0x0000000000000001 0x0 + 1\x00\n', 'Backtrace to callback:\n', 'testcrash:signal_handler+218\n', 'libSystem.B.dylib:_sigtramp+26\n', '???:0x0+1\n', 'testcrash:x+9\n', 'testcrash:w+9\n', 'testcrash:main+78\n', 'testcrash:start+52\n', '???:0x0+1\n']
testcrash rc -11
Testing ./testdiag...
['0   testdiag                            0x000000010000165c diag_backtrace + 122\x00\n', '1   testdiag                            0x00000001000008e0 y + 159\x00\n', '2   testdiag                            0x0000000100000b2a x + 9\x00\n', '3   testdiag                            0x0000000100000b35 w + 9\x00\n', '4   testdiag                            0x0000000100000b40 main + 9\x00\n', '5   testdiag                            0x0000000100000778 start + 52\x00\n', '6   ???                                 0x0000000000000001 0x0 + 1\x00\n', '---------------------------------------------------\n', 'testdiag: DIAG_BTFIELDS_ALL\n', '\n', '---------------------------------------------------\n', 'testdiag: DIAG_BTFIELDS_ADDRESS\n', '0x000000010000093c\n', '0x0000000100000b2a\n', '0x0000000100000b35\n', '0x0000000100000b40\n', '0x0000000100000778\n', '0x0000000000000001\n', '\n', '---------------------------------------------------\n', 'testdiag: DIAG_BTFIELDS_FUNCTION | DIAG_BTFIELDS_FN_OFFSET\n', 'y+319\n', 'x+9\n', 'w+9\n', 'main+9\n', 'start+52\n', '0x0+1\n', '\n', '---------------------------------------------------\n', 'testdiag: DIAG_BTFIELDS_FUNCTION\n', 'y\n', 'x\n', 'w\n', 'main\n', 'start\n', '0x0\n', '\n', '---------------------------------------------------\n', 'testdiag: DIAG_BTFIELDS_FUNCTION | DIAG_BTFIELDS_MODULE_NAME\n', 'testdiag:y\n', 'testdiag:x\n', 'testdiag:w\n', 'testdiag:main\n', 'testdiag:start\n', '???:0x0\n', '\n', '---------------------------------------------------\n', 'testdiag: DIAG_BTFIELDS_FUNCTION | DIAG_BTFIELDS_MODULE_PATH\n', 'testdiag:y\n', 'testdiag:x\n', 'testdiag:w\n', 'testdiag:main\n', 'testdiag:start\n', '???:0x0\n', '\n', '---------------------------------------------------\n', 'testdiag: ONELINER\n', 'y<x<w\n']
testdiag rc 0
['Server version: Apache/2.4.3-dev (Unix)\n', 'Server built:   May 16 2012 08:49:19\n']
["[Thu Sep 06 12:38:41.401601 2012] [proxy:debug] [pid 16513:tid 2691855680] mod_proxy.c(1941): AH01147: Defining worker 'http://127.0.0.1:10081' for balancer 'balancer://mycluster'\n", "[Thu Sep 06 12:38:41.401898 2012] [proxy:debug] [pid 16513:tid 2691855680] mod_proxy.c(1946): AH01148: Defined worker 'http://127.0.0.1:10081' for balancer 'balancer://mycluster'\n", "[Thu Sep 06 12:38:41.401922 2012] [proxy:debug] [pid 16513:tid 2691855680] mod_proxy.c(1941): AH01147: Defining worker 'http://127.0.0.1:10080' for balancer 'balancer://mycluster'\n", "[Thu Sep 06 12:38:41.401936 2012] [proxy:debug] [pid 16513:tid 2691855680] mod_proxy.c(1946): AH01148: Defined worker 'http://127.0.0.1:10080' for balancer 'balancer://mycluster'\n"]
Response from /backtrace/ request:
HTTP/1.1 200 OK
Date: Thu, 06 Sep 2012 16:38:43 GMT
Server: Apache/2.4.3-dev (Unix)
Content-Length: 2451
Connection: close
Content-Type: text/plain

----------------------------------------------------
mod_backtrace: DIAG_BTFIELDS_MODULE_PATH
mod_backtrace.so:0x003b04cd
mod_backtrace.so:0x003b0717
httpd:0x000025aa
httpd:0x00002dfa
httpd:0x00047d38
httpd:0x00047e0d
httpd:0x00043cf0
httpd:0x00043dff
httpd:0x00018e75
httpd:0x000193ab
----------------------------------------------------
mod_backtrace: DIAG_BTFIELDS_MODULE_NAME
mod_backtrace.so:0x003b0518
mod_backtrace.so:0x003b0717
httpd:0x000025aa
httpd:0x00002dfa
httpd:0x00047d38
httpd:0x00047e0d
httpd:0x00043cf0
httpd:0x00043dff
httpd:0x00018e75
httpd:0x000193ab
----------------------------------------------------
mod_backtrace: DIAG_BTFIELDS_MODULE_PATH | DIAG_BTFIELDS_MODULE_NAME
mod_backtrace.so:0x003b0563
mod_backtrace.so:0x003b0717
httpd:0x000025aa
httpd:0x00002dfa
httpd:0x00047d38
httpd:0x00047e0d
httpd:0x00043cf0
httpd:0x00043dff
httpd:0x00018e75
httpd:0x000193ab
----------------------------------------------------
mod_backtrace: DIAG_BTFIELDS_FUNCTION
backtrace
backtrace_handler
ap_run_handler
ap_invoke_handler
ap_process_async_request
ap_process_request
ap_process_http_sync_connection
ap_process_http_connection
ap_run_process_connection
ap_process_connection
----------------------------------------------------
mod_backtrace: DIAG_BTFIELDS_FN_OFFSET
0x003b05f9
0x003b0717
0x000025aa
0x00002dfa
0x00047d38
0x00047e0d
0x00043cf0
0x00043dff
0x00018e75
0x000193ab
----------------------------------------------------
mod_backtrace: DIAG_BTFIELDS_FUNCTION | DIAG_BTFIELDS_FN_OFFSET
backtrace+571
backtrace_handler+55
ap_run_handler+83
ap_invoke_handler+329
ap_process_async_request+670
ap_process_request+33
ap_process_http_sync_connection+145
ap_process_http_connection+65
ap_run_process_connection+83
ap_process_connection+81
----------------------------------------------------
mod_backtrace: DIAG_BTFIELDS_ADDRESS
0x003b068f
0x003b0717
0x000025aa
0x00002dfa
0x00047d38
0x00047e0d
0x00043cf0
0x00043dff
0x00018e75
0x000193ab
----------------------------------------------------
mod_backtrace: DIAG_BTFIELDS_ADDRESS | DIAG_BTFIELDS_FUNCTION | DIAG_BTFIELDS_FN_OFFSET
backtrace+721 0x003b06da
backtrace_handler+55 0x003b0717
ap_run_handler+83 0x000025aa
ap_invoke_handler+329 0x00002dfa
ap_process_async_request+670 0x00047d38
ap_process_request+33 0x00047e0d
ap_process_http_sync_connection+145 0x00043cf0
ap_process_http_connection+65 0x00043dff
ap_run_process_connection+83 0x00018e75
ap_process_connection+81 0x000193ab

Response from /crash/ request:
HTTP/1.1 200 OK
Date: Thu, 06 Sep 2012 16:38:43 GMT
Server: Apache/2.4.3-dev (Unix)
Connection: close
Content-Type: text/plain

Crashing in process 16516...

Pid that crashed: >16516<
/Users/trawick/inst/24/logs/whatkilledus_log:
['**** Crash at 2012-09-06 12:38:43\n', 'Process id:  16516\n', 'Fatal signal: 11\n', '\n', 'mod_backtrace.so:backtrace_get_backtrace+163 0x003afeac\n', 'mod_whatkilledus.so:write_report+203 0x003b830f\n', 'mod_whatkilledus.so:whatkilledus_fatal_exception+447 0x003b8564\n', 'httpd:ap_run_fatal_exception+81 0x0001baec\n', 'httpd:run_fatal_exception_hook+96 0x0001f0cc\n', 'httpd:sig_coredump+71 0x0001f119\n', 'libSystem.B.dylib:_sigtramp+43 0x9606805b\n', '???:0x0+4294967295 0xffffffff\n', 'mod_crash.so:crash_handler+210 0x003b4dca\n', 'httpd:ap_run_handler+83 0x000025aa\n', 'httpd:ap_invoke_handler+329 0x00002dfa\n', 'httpd:ap_process_async_request+670 0x00047d38\n', 'httpd:ap_process_request+33 0x00047e0d\n', 'httpd:ap_process_http_sync_connection+145 0x00043cf0\n', 'httpd:ap_process_http_connection+65 0x00043dff\n', 'httpd:ap_run_process_connection+83 0x00018e75\n', 'httpd:ap_process_connection+81 0x000193ab\n', 'mod_mpm_worker.so:process_socket+152 0x003381b2\n', 'mod_mpm_worker.so:worker_thread+792 0x00339012\n', 'libapr-1.0.dylib:dummy_worker+36 0x0014e78e\n', 'libSystem.B.dylib:_pthread_start+345 0x9602f259\n', 'libSystem.B.dylib:thread_start+34 0x9602f0de\n', '\n', 'Request line (parsed):\n', 'GET /crash/foo%01%02%03/?****************\n', 'Request headers:\n', 'Connection:close\n', 'Host:127.0.0.1\n', 'X-Jeff:*******\n', 'FooHdr:FooVal\n', 'BarHdr:%01%02%03%04%05%06%07\n', '\n', 'Client connection:\n', '127.0.0.1:57492->127.0.0.1:10080  (user agent at 127.0.0.1:57492)\n', '\n']
/Users/trawick/inst/24/logs/error_log:
['[Thu Sep 06 12:38:41.407729 2012] [unique_id:info] [pid 16513:tid 2691855680] AH01566: using ip addr 5.14.31.27\n', '[Thu Sep 06 12:38:42.000356 2012] [backtrace:notice] [pid 16513:tid 2691855680] mod_backtrace v2.00 from http://emptyhammock.com/\n', '[Thu Sep 06 12:38:42.000497 2012] [whatkilledus:notice] [pid 16513:tid 2691855680] mod_whatkilledus v2.00 from http://emptyhammock.com/\n', '[Thu Sep 06 12:38:42.025906 2012] [unique_id:info] [pid 16514:tid 2691855680] AH01566: using ip addr 5.14.31.27\n', '[Thu Sep 06 12:38:43.000272 2012] [proxy_balancer:debug] [pid 16514:tid 2691855680] mod_proxy_balancer.c(752): AH01178: Doing balancers create: 544, 1 (6)\n', '[Thu Sep 06 12:38:43.000429 2012] [slotmem_shm:debug] [pid 16514:tid 2691855680] mod_slotmem_shm.c(300): AH02300: create /Users/trawick/inst/24/logs/slotmem-shm-s8adee24a.shm: 544/6\n', '[Thu Sep 06 12:38:43.001196 2012] [proxy_balancer:debug] [pid 16514:tid 2691855680] mod_proxy_balancer.c(807): AH01184: Doing workers create: balancer://mycluster (s8adee24a_mycluster), 480, 2\n', '[Thu Sep 06 12:38:43.001248 2012] [slotmem_shm:debug] [pid 16514:tid 2691855680] mod_slotmem_shm.c(300): AH02300: create /Users/trawick/inst/24/logs/slotmem-shm-s8adee24a_mycluster.shm: 480/2\n', '[Thu Sep 06 12:38:43.001724 2012] [slotmem_shm:debug] [pid 16514:tid 2691855680] mod_slotmem_shm.c(406): AH02301: attach looking for /Users/trawick/inst/24/logs/slotmem-shm-mod_heartmonitor.shm\n', '[Thu Sep 06 12:38:43.001780 2012] [lbmethod_heartbeat:notice] [pid 16514:tid 2691855680] AH02282: No slotmem from mod_heartmonitor\n', '[Thu Sep 06 12:38:43.004193 2012] [mpm_worker:notice] [pid 16514:tid 2691855680] AH00292: Apache/2.4.3-dev (Unix) configured -- resuming normal operations\n', '[Thu Sep 06 12:38:43.004238 2012] [mpm_worker:info] [pid 16514:tid 2691855680] AH00293: Server built: May 16 2012 08:49:19\n', "[Thu Sep 06 12:38:43.004313 2012] [core:notice] [pid 16514:tid 2691855680] AH00094: Command line: '/Users/trawick/inst/24/bin/httpd'\n", '[Thu Sep 06 12:38:43.004332 2012] [mpm_worker:debug] [pid 16514:tid 2691855680] worker.c(1807): AH00294: Accept mutex: sysvsem (default: sysvsem)\n', '[Thu Sep 06 12:38:43.005612 2012] [slotmem_shm:debug] [pid 16516:tid 2691855680] mod_slotmem_shm.c(406): AH02301: attach looking for /Users/trawick/inst/24/logs/slotmem-shm-s8adee24a.shm\n', '[Thu Sep 06 12:38:43.005763 2012] [slotmem_shm:debug] [pid 16516:tid 2691855680] mod_slotmem_shm.c(419): AH02302: attach found /Users/trawick/inst/24/logs/slotmem-shm-s8adee24a.shm: 544/6\n', '[Thu Sep 06 12:38:43.005809 2012] [slotmem_shm:debug] [pid 16516:tid 2691855680] mod_slotmem_shm.c(406): AH02301: attach looking for /Users/trawick/inst/24/logs/slotmem-shm-s8adee24a_mycluster.shm\n', '[Thu Sep 06 12:38:43.005843 2012] [slotmem_shm:debug] [pid 16516:tid 2691855680] mod_slotmem_shm.c(419): AH02302: attach found /Users/trawick/inst/24/logs/slotmem-shm-s8adee24a_mycluster.shm: 480/2\n', '[Thu Sep 06 12:38:43.005903 2012] [proxy_balancer:debug] [pid 16516:tid 2691855680] mod_proxy_balancer.c(121): AH01158: Looking at balancer://mycluster -> http://127.0.0.1:10081 initialized?\n', '[Thu Sep 06 12:38:43.005936 2012] [proxy:debug] [pid 16516:tid 2691855680] proxy_util.c(1642): AH00925: initializing worker http://127.0.0.1:10081 shared\n', '[Thu Sep 06 12:38:43.005969 2012] [proxy:debug] [pid 16516:tid 2691855680] proxy_util.c(1682): AH00927: initializing worker http://127.0.0.1:10081 local\n', '[Thu Sep 06 12:38:43.006080 2012] [proxy:debug] [pid 16516:tid 2691855680] proxy_util.c(1714): AH00930: initialized pool in child 16516 for (127.0.0.1) min=0 max=25 smax=25\n', '[Thu Sep 06 12:38:43.006102 2012] [proxy_balancer:debug] [pid 16516:tid 2691855680] mod_proxy_balancer.c(121): AH01158: Looking at balancer://mycluster -> http://127.0.0.1:10080 initialized?\n', '[Thu Sep 06 12:38:43.006121 2012] [proxy:debug] [pid 16516:tid 2691855680] proxy_util.c(1642): AH00925: initializing worker http://127.0.0.1:10080 shared\n', '[Thu Sep 06 12:38:43.006139 2012] [proxy:debug] [pid 16516:tid 2691855680] proxy_util.c(1682): AH00927: initializing worker http://127.0.0.1:10080 local\n', '[Thu Sep 06 12:38:43.006182 2012] [proxy:debug] [pid 16516:tid 2691855680] proxy_util.c(1714): AH00930: initialized pool in child 16516 for (127.0.0.1) min=0 max=25 smax=25\n', '[Thu Sep 06 12:38:43.006246 2012] [slotmem_shm:debug] [pid 16516:tid 2691855680] mod_slotmem_shm.c(406): AH02301: attach looking for /Users/trawick/inst/24/logs/slotmem-shm-s8adee24a.shm\n', '[Thu Sep 06 12:38:43.006267 2012] [slotmem_shm:debug] [pid 16516:tid 2691855680] mod_slotmem_shm.c(419): AH02302: attach found /Users/trawick/inst/24/logs/slotmem-shm-s8adee24a.shm: 544/6\n', '[Thu Sep 06 12:38:43.006288 2012] [slotmem_shm:debug] [pid 16516:tid 2691855680] mod_slotmem_shm.c(406): AH02301: attach looking for /Users/trawick/inst/24/logs/slotmem-shm-s8adee24a_mycluster.shm\n', '[Thu Sep 06 12:38:43.006307 2012] [slotmem_shm:debug] [pid 16516:tid 2691855680] mod_slotmem_shm.c(419): AH02302: attach found /Users/trawick/inst/24/logs/slotmem-shm-s8adee24a_mycluster.shm: 480/2\n', '[Thu Sep 06 12:38:43.006325 2012] [proxy_balancer:debug] [pid 16516:tid 2691855680] mod_proxy_balancer.c(121): AH01158: Looking at balancer://mycluster -> http://127.0.0.1:10081 initialized?\n', '[Thu Sep 06 12:38:43.006344 2012] [proxy_balancer:debug] [pid 16516:tid 2691855680] mod_proxy_balancer.c(121): AH01158: Looking at balancer://mycluster -> http://127.0.0.1:10080 initialized?\n', '[Thu Sep 06 12:38:43.006436 2012] [proxy:debug] [pid 16516:tid 2691855680] proxy_util.c(1642): AH00925: initializing worker proxy:reverse shared\n', '[Thu Sep 06 12:38:43.006456 2012] [proxy:debug] [pid 16516:tid 2691855680] proxy_util.c(1682): AH00927: initializing worker proxy:reverse local\n', '[Thu Sep 06 12:38:43.006493 2012] [proxy:debug] [pid 16516:tid 2691855680] proxy_util.c(1714): AH00930: initialized pool in child 16516 for (*) min=0 max=25 smax=25\n', '[Thu Sep 06 12:38:43.009594 2012] [authz_core:debug] [pid 16516:tid 2954383360] mod_authz_core.c(783): [client 127.0.0.1:57491] AH01626: authorization result of Require all granted: granted\n', '[Thu Sep 06 12:38:43.009634 2012] [authz_core:debug] [pid 16516:tid 2954383360] mod_authz_core.c(783): [client 127.0.0.1:57491] AH01626: authorization result of <RequireAny>: granted\n', '[Thu Sep 06 12:38:43.012453 2012] [backtrace:notice] [pid 16516:tid 2954383360] [do_errorlog_format<backtrace_handler<ap_run_handler<ap_invoke_handler<ap_process_async_request] [client 127.0.0.1:57491] ---MoD_bAcKtRaCe---\n', '[Thu Sep 06 12:38:43.015025 2012] [authz_core:debug] [pid 16516:tid 2954915840] mod_authz_core.c(783): [client 127.0.0.1:57492] AH01626: authorization result of Require all granted: granted\n', '[Thu Sep 06 12:38:43.015057 2012] [authz_core:debug] [pid 16516:tid 2954915840] mod_authz_core.c(783): [client 127.0.0.1:57492] AH01626: authorization result of <RequireAny>: granted\n', '[Thu Sep 06 12:38:43.015089 2012] [crash:notice] [pid 16516:tid 2954915840] [client 127.0.0.1:57492] about to crash\n', '[Thu Sep 06 12:38:44.004835 2012] [mpm_worker:error] [pid 16514:tid 2691855680] AH00287: server is within MinSpareThreads of MaxRequestWorkers, consider raising the MaxRequestWorkers setting\n', '[Thu Sep 06 12:38:56.007290 2012] [core:notice] [pid 16514:tid 2691855680] AH00051: child pid 16516 exit signal Segmentation fault (11), possible coredump in /Users/trawick/inst/24\n', '[Thu Sep 06 12:38:57.010414 2012] [slotmem_shm:debug] [pid 16539:tid 2691855680] mod_slotmem_shm.c(406): AH02301: attach looking for /Users/trawick/inst/24/logs/slotmem-shm-s8adee24a.shm\n', '[Thu Sep 06 12:38:57.010602 2012] [slotmem_shm:debug] [pid 16539:tid 2691855680] mod_slotmem_shm.c(419): AH02302: attach found /Users/trawick/inst/24/logs/slotmem-shm-s8adee24a.shm: 544/6\n', '[Thu Sep 06 12:38:57.010648 2012] [slotmem_shm:debug] [pid 16539:tid 2691855680] mod_slotmem_shm.c(406): AH02301: attach looking for /Users/trawick/inst/24/logs/slotmem-shm-s8adee24a_mycluster.shm\n', '[Thu Sep 06 12:38:57.010680 2012] [slotmem_shm:debug] [pid 16539:tid 2691855680] mod_slotmem_shm.c(419): AH02302: attach found /Users/trawick/inst/24/logs/slotmem-shm-s8adee24a_mycluster.shm: 480/2\n', '[Thu Sep 06 12:38:57.010737 2012] [proxy_balancer:debug] [pid 16539:tid 2691855680] mod_proxy_balancer.c(121): AH01158: Looking at balancer://mycluster -> http://127.0.0.1:10081 initialized?\n', '[Thu Sep 06 12:38:57.010803 2012] [proxy_balancer:debug] [pid 16539:tid 2691855680] mod_proxy_balancer.c(121): AH01158: Looking at balancer://mycluster -> http://127.0.0.1:10080 initialized?\n', '[Thu Sep 06 12:38:57.010834 2012] [slotmem_shm:debug] [pid 16539:tid 2691855680] mod_slotmem_shm.c(406): AH02301: attach looking for /Users/trawick/inst/24/logs/slotmem-shm-s8adee24a.shm\n', '[Thu Sep 06 12:38:57.010854 2012] [slotmem_shm:debug] [pid 16539:tid 2691855680] mod_slotmem_shm.c(419): AH02302: attach found /Users/trawick/inst/24/logs/slotmem-shm-s8adee24a.shm: 544/6\n', '[Thu Sep 06 12:38:57.010874 2012] [slotmem_shm:debug] [pid 16539:tid 2691855680] mod_slotmem_shm.c(406): AH02301: attach looking for /Users/trawick/inst/24/logs/slotmem-shm-s8adee24a_mycluster.shm\n', '[Thu Sep 06 12:38:57.010892 2012] [slotmem_shm:debug] [pid 16539:tid 2691855680] mod_slotmem_shm.c(419): AH02302: attach found /Users/trawick/inst/24/logs/slotmem-shm-s8adee24a_mycluster.shm: 480/2\n', '[Thu Sep 06 12:38:57.010911 2012] [proxy_balancer:debug] [pid 16539:tid 2691855680] mod_proxy_balancer.c(121): AH01158: Looking at balancer://mycluster -> http://127.0.0.1:10081 initialized?\n', '[Thu Sep 06 12:38:57.010929 2012] [proxy_balancer:debug] [pid 16539:tid 2691855680] mod_proxy_balancer.c(121): AH01158: Looking at balancer://mycluster -> http://127.0.0.1:10080 initialized?\n', '[Thu Sep 06 12:38:57.011035 2012] [proxy:debug] [pid 16539:tid 2691855680] proxy_util.c(1642): AH00925: initializing worker proxy:reverse shared\n', '[Thu Sep 06 12:38:57.011062 2012] [proxy:debug] [pid 16539:tid 2691855680] proxy_util.c(1682): AH00927: initializing worker proxy:reverse local\n', '[Thu Sep 06 12:38:57.011153 2012] [proxy:debug] [pid 16539:tid 2691855680] proxy_util.c(1714): AH00930: initialized pool in child 16539 for (*) min=0 max=25 smax=25\n', '[Thu Sep 06 12:39:05.961935 2012] [core:info] [pid 16514:tid 2691855680] AH00096: removed PID file /Users/trawick/inst/24/logs/httpd.pid (pid=16514)\n', '[Thu Sep 06 12:39:05.962008 2012] [mpm_worker:notice] [pid 16514:tid 2691855680] AH00295: caught SIGTERM, shutting down\n']
