Starting tests on sol10-u5_sunos5 at Wed Sep  5 15:16:05 2012
Code version:
['4a9196006a75+ 1145+\n']
Building for /export/home/trawick/inst/22...
['Building for platform SunOS\n', 'rm -f testdiag testcrash mod_backtrace.la mod_whatkilledus.la mod_crash.la *.o\n', 'cc -DDIAG_BITS_32 -DSOLARIS   -c -o testdiag.o testdiag.c\n', 'cc -c -DDIAG_BITS_32 -DSOLARIS -g diag.c\n', 'cc  -o testdiag -g testdiag.o diag.o \n', 'cc -c -DDIAG_BITS_32 -DSOLARIS -g testcrash.c\n', 'cc  -o testcrash -g testcrash.o diag.o \n', '/export/home/trawick/inst/22/bin/apxs -Wc,"-DDIAG_BITS_32 -DSOLARIS" -Wl,"" -c mod_backtrace.c diag.c \n', '/export/home/trawick/inst/apr14/build-1/libtool --silent --mode=compile /opt/SUNWspro/prod/bin/cc -m32 -prefer-pic   -DSOLARIS2=10 -D_POSIX_PTHREAD_SEMANTICS -D_REENTRANT -D_LARGEFILE64_SOURCE -DAP_DEBUG -O3 -g -I/export/home/trawick/inst/22/include  -I/export/home/trawick/inst/apr14/include/apr-1   -I/export/home/trawick/inst/apr14/include/apr-1  -DDIAG_BITS_32 -DSOLARIS  -c -o mod_backtrace.lo mod_backtrace.c && touch mod_backtrace.slo\n', '"diag_mod_version.h", line 16: warning: invalid white space character in directive\n', '"diag_mod_version.h", line 17: warning: invalid white space character in directive\n', '"diag_mod_version.h", line 19: warning: invalid white space character in directive\n', '"diag_mod_version.h", line 21: warning: invalid white space character in directive\n', '/export/home/trawick/inst/apr14/build-1/libtool --silent --mode=compile /opt/SUNWspro/prod/bin/cc -m32 -prefer-pic   -DSOLARIS2=10 -D_POSIX_PTHREAD_SEMANTICS -D_REENTRANT -D_LARGEFILE64_SOURCE -DAP_DEBUG -O3 -g -I/export/home/trawick/inst/22/include  -I/export/home/trawick/inst/apr14/include/apr-1   -I/export/home/trawick/inst/apr14/include/apr-1  -DDIAG_BITS_32 -DSOLARIS  -c -o diag.lo diag.c && touch diag.slo\n', '/export/home/trawick/inst/apr14/build-1/libtool --silent --mode=link /opt/SUNWspro/prod/bin/cc -m32 -o mod_backtrace.la   -rpath /export/home/trawick/inst/22/modules -module -avoid-version    diag.lo mod_backtrace.lo\n', '/export/home/trawick/inst/22/bin/apxs -Wc,"-DDIAG_BITS_32 -DSOLARIS" -Wl,"" -c mod_whatkilledus.c \n', '/export/home/trawick/inst/apr14/build-1/libtool --silent --mode=compile /opt/SUNWspro/prod/bin/cc -m32 -prefer-pic   -DSOLARIS2=10 -D_POSIX_PTHREAD_SEMANTICS -D_REENTRANT -D_LARGEFILE64_SOURCE -DAP_DEBUG -O3 -g -I/export/home/trawick/inst/22/include  -I/export/home/trawick/inst/apr14/include/apr-1   -I/export/home/trawick/inst/apr14/include/apr-1  -DDIAG_BITS_32 -DSOLARIS  -c -o mod_whatkilledus.lo mod_whatkilledus.c && touch mod_whatkilledus.slo\n', '"diag_mod_version.h", line 16: warning: invalid white space character in directive\n', '"diag_mod_version.h", line 17: warning: invalid white space character in directive\n', '"diag_mod_version.h", line 19: warning: invalid white space character in directive\n', '"diag_mod_version.h", line 21: warning: invalid white space character in directive\n', '/export/home/trawick/inst/apr14/build-1/libtool --silent --mode=link /opt/SUNWspro/prod/bin/cc -m32 -o mod_whatkilledus.la   -rpath /export/home/trawick/inst/22/modules -module -avoid-version    mod_whatkilledus.lo\n', '/export/home/trawick/inst/22/bin/apxs -Wc,"-DDIAG_BITS_32 -DSOLARIS" -Wl,"" -c mod_crash.c \n', '/export/home/trawick/inst/apr14/build-1/libtool --silent --mode=compile /opt/SUNWspro/prod/bin/cc -m32 -prefer-pic   -DSOLARIS2=10 -D_POSIX_PTHREAD_SEMANTICS -D_REENTRANT -D_LARGEFILE64_SOURCE -DAP_DEBUG -O3 -g -I/export/home/trawick/inst/22/include  -I/export/home/trawick/inst/apr14/include/apr-1   -I/export/home/trawick/inst/apr14/include/apr-1  -DDIAG_BITS_32 -DSOLARIS  -c -o mod_crash.lo mod_crash.c && touch mod_crash.slo\n', '"mod_crash.c", line 16: warning: invalid white space character in directive\n', '"mod_crash.c", line 17: warning: invalid white space character in directive\n', '"mod_crash.c", line 18: warning: invalid white space character in directive\n', '"mod_crash.c", line 19: warning: invalid white space character in directive\n', '"mod_crash.c", line 20: warning: invalid white space character in directive\n', '"mod_crash.c", line 22: warning: invalid white space character in directive\n', '"mod_crash.c", line 24: warning: invalid white space character in directive\n', '"mod_crash.c", line 25: warning: invalid white space character in directive\n', '"mod_crash.c", line 26: warning: invalid white space character in directive\n', '"mod_crash.c", line 28: warning: invalid white space character in directive\n', '"mod_crash.c", line 30: warning: invalid white space character in directive\n', '"mod_crash.c", line 35: warning: invalid white space character in directive\n', '"mod_crash.c", line 37: warning: invalid white space character in directive\n', '"mod_crash.c", line 38: warning: invalid white space character in directive\n', '"mod_crash.c", line 39: warning: invalid white space character in directive\n', '/export/home/trawick/inst/apr14/build-1/libtool --silent --mode=link /opt/SUNWspro/prod/bin/cc -m32 -o mod_crash.la   -rpath /export/home/trawick/inst/22/modules -module -avoid-version    mod_crash.lo\n', '/export/home/trawick/inst/22/bin/apxs -i mod_backtrace.la\n', "/export/home/trawick/inst/22/build/instdso.sh SH_LIBTOOL='/export/home/trawick/inst/apr14/build-1/libtool' mod_backtrace.la /export/home/trawick/inst/22/modules\n", '/export/home/trawick/inst/apr14/build-1/libtool --mode=install cp mod_backtrace.la /export/home/trawick/inst/22/modules/\n', 'cp .libs/mod_backtrace.so /export/home/trawick/inst/22/modules/mod_backtrace.so\n', 'chmod +x /export/home/trawick/inst/22/modules/mod_backtrace.so\n', 'cp .libs/mod_backtrace.lai /export/home/trawick/inst/22/modules/mod_backtrace.la\n', 'cp .libs/mod_backtrace.a /export/home/trawick/inst/22/modules/mod_backtrace.a\n', 'chmod 644 /export/home/trawick/inst/22/modules/mod_backtrace.a\n', 'ranlib /export/home/trawick/inst/22/modules/mod_backtrace.a\n', '----------------------------------------------------------------------\n', 'Libraries have been installed in:\n', '   /export/home/trawick/inst/22/modules\n', '\n', 'If you ever happen to want to link against installed libraries\n', 'in a given directory, LIBDIR, you must either use libtool, and\n', "specify the full pathname of the library, or use the `-LLIBDIR'\n", 'flag during linking and do at least one of the following:\n', "   - add LIBDIR to the `LD_LIBRARY_PATH' environment variable\n", '     during execution\n', "   - use the `-RLIBDIR' linker flag\n", '\n', 'See any operating system documentation about shared libraries for\n', 'more information, such as the ld(1) and ld.so(8) manual pages.\n', '----------------------------------------------------------------------\n', 'chmod 755 /export/home/trawick/inst/22/modules/mod_backtrace.so\n', '/export/home/trawick/inst/22/bin/apxs -i mod_whatkilledus.la\n', "/export/home/trawick/inst/22/build/instdso.sh SH_LIBTOOL='/export/home/trawick/inst/apr14/build-1/libtool' mod_whatkilledus.la /export/home/trawick/inst/22/modules\n", '/export/home/trawick/inst/apr14/build-1/libtool --mode=install cp mod_whatkilledus.la /export/home/trawick/inst/22/modules/\n', 'cp .libs/mod_whatkilledus.so /export/home/trawick/inst/22/modules/mod_whatkilledus.so\n', 'chmod +x /export/home/trawick/inst/22/modules/mod_whatkilledus.so\n', 'cp .libs/mod_whatkilledus.lai /export/home/trawick/inst/22/modules/mod_whatkilledus.la\n', 'cp .libs/mod_whatkilledus.a /export/home/trawick/inst/22/modules/mod_whatkilledus.a\n', 'chmod 644 /export/home/trawick/inst/22/modules/mod_whatkilledus.a\n', 'ranlib /export/home/trawick/inst/22/modules/mod_whatkilledus.a\n', '----------------------------------------------------------------------\n', 'Libraries have been installed in:\n', '   /export/home/trawick/inst/22/modules\n', '\n', 'If you ever happen to want to link against installed libraries\n', 'in a given directory, LIBDIR, you must either use libtool, and\n', "specify the full pathname of the library, or use the `-LLIBDIR'\n", 'flag during linking and do at least one of the following:\n', "   - add LIBDIR to the `LD_LIBRARY_PATH' environment variable\n", '     during execution\n', "   - use the `-RLIBDIR' linker flag\n", '\n', 'See any operating system documentation about shared libraries for\n', 'more information, such as the ld(1) and ld.so(8) manual pages.\n', '----------------------------------------------------------------------\n', 'chmod 755 /export/home/trawick/inst/22/modules/mod_whatkilledus.so\n', '/export/home/trawick/inst/22/bin/apxs -i mod_crash.la\n', "/export/home/trawick/inst/22/build/instdso.sh SH_LIBTOOL='/export/home/trawick/inst/apr14/build-1/libtool' mod_crash.la /export/home/trawick/inst/22/modules\n", '/export/home/trawick/inst/apr14/build-1/libtool --mode=install cp mod_crash.la /export/home/trawick/inst/22/modules/\n', 'cp .libs/mod_crash.so /export/home/trawick/inst/22/modules/mod_crash.so\n', 'chmod +x /export/home/trawick/inst/22/modules/mod_crash.so\n', 'cp .libs/mod_crash.lai /export/home/trawick/inst/22/modules/mod_crash.la\n', 'cp .libs/mod_crash.a /export/home/trawick/inst/22/modules/mod_crash.a\n', 'chmod 644 /export/home/trawick/inst/22/modules/mod_crash.a\n', 'ranlib /export/home/trawick/inst/22/modules/mod_crash.a\n', '----------------------------------------------------------------------\n', 'Libraries have been installed in:\n', '   /export/home/trawick/inst/22/modules\n', '\n', 'If you ever happen to want to link against installed libraries\n', 'in a given directory, LIBDIR, you must either use libtool, and\n', "specify the full pathname of the library, or use the `-LLIBDIR'\n", 'flag during linking and do at least one of the following:\n', "   - add LIBDIR to the `LD_LIBRARY_PATH' environment variable\n", '     during execution\n', "   - use the `-RLIBDIR' linker flag\n", '\n', 'See any operating system documentation about shared libraries for\n', 'more information, such as the ld(1) and ld.so(8) manual pages.\n', '----------------------------------------------------------------------\n', 'chmod 755 /export/home/trawick/inst/22/modules/mod_crash.so\n']
Build rc: 0
Testing ./testcrash...
['Process id:  11047\n', 'Fatal signal: 11\n', 'Invalid memory address: 0xDEADBEEF\n', 'Backtrace to file descriptor:\n', '/export/home/trawick/myhg/apache/mod/diag/testcrash:diag_backtrace+0xc8\n', '/export/home/trawick/myhg/apache/mod/diag/testcrash:0xbd3\n', '/lib/libc.so.1:0xa3e9f\n', '/lib/libc.so.1:0x9a31e\n', '/export/home/trawick/myhg/apache/mod/diag/testcrash:y+0x6 [ Signal 11 (SEGV)]\n', '/export/home/trawick/myhg/apache/mod/diag/testcrash:x+0xb\n', '/export/home/trawick/myhg/apache/mod/diag/testcrash:w+0xb\n', '/export/home/trawick/myhg/apache/mod/diag/testcrash:main+0x49\n', '/export/home/trawick/myhg/apache/mod/diag/testcrash:_start+0x7d\n', 'Backtrace to callback:\n', 'testcrash:y+0x6\n', 'testcrash:x+0xB\n', 'testcrash:w+0xB\n', 'testcrash:main+0x49\n', 'testcrash:_start+0x7D\n']
testcrash rc -11
Testing ./testdiag...
['/export/home/trawick/myhg/apache/mod/diag/testdiag:diag_backtrace+0xc8\n', '/export/home/trawick/myhg/apache/mod/diag/testdiag:y+0x83\n', '/export/home/trawick/myhg/apache/mod/diag/testdiag:x+0xb\n', '/export/home/trawick/myhg/apache/mod/diag/testdiag:w+0xb\n', '/export/home/trawick/myhg/apache/mod/diag/testdiag:main+0xb\n', '/export/home/trawick/myhg/apache/mod/diag/testdiag:_start+0x7d\n', '---------------------------------------------------\n', 'testdiag: DIAG_BTFIELDS_ALL\n', '\n', '---------------------------------------------------\n', 'testdiag: DIAG_BTFIELDS_ADDRESS\n', '0x8050BF9\n', '0x8050DFB\n', '0x8050E1B\n', '0x8050E3B\n', '0x8050A3D\n', '\n', '---------------------------------------------------\n', 'testdiag: DIAG_BTFIELDS_FUNCTION | DIAG_BTFIELDS_FN_OFFSET\n', 'y+0x11F\n', 'x+0xB\n', 'w+0xB\n', 'main+0xB\n', '_start+0x7D\n', '\n', '---------------------------------------------------\n', 'testdiag: DIAG_BTFIELDS_FUNCTION\n', 'y\n', 'x\n', 'w\n', 'main\n', '_start\n', '\n', '---------------------------------------------------\n', 'testdiag: DIAG_BTFIELDS_FUNCTION | DIAG_BTFIELDS_MODULE_NAME\n', 'testdiag:y\n', 'testdiag:x\n', 'testdiag:w\n', 'testdiag:main\n', 'testdiag:_start\n', '\n', '---------------------------------------------------\n', 'testdiag: DIAG_BTFIELDS_FUNCTION | DIAG_BTFIELDS_MODULE_PATH\n', '/export/home/trawick/myhg/apache/mod/diag/testdiag:y\n', '/export/home/trawick/myhg/apache/mod/diag/testdiag:x\n', '/export/home/trawick/myhg/apache/mod/diag/testdiag:w\n', '/export/home/trawick/myhg/apache/mod/diag/testdiag:main\n', '/export/home/trawick/myhg/apache/mod/diag/testdiag:_start\n', '\n', '---------------------------------------------------\n', 'testdiag: ONELINER\n', 'y<x<w\n']
testdiag rc 0
['Server version: Apache/2.2.23-dev (Unix)\n', 'Server built:   Apr 12 2012 04:12:30\n']
["httpd: Could not reliably determine the server's fully qualified domain name, using 192.168.1.204 for ServerName\n"]
Response from /backtrace/ request:
HTTP/1.1 200 OK
Date: Wed, 05 Sep 2012 19:16:26 GMT
Server: Apache/2.2.23-dev (Unix) DAV/2
Content-Length: 3124
Connection: close
Content-Type: text/plain

----------------------------------------------------
mod_backtrace: DIAG_BTFIELDS_MODULE_PATH
/export/home/trawick/inst/22/modules/mod_backtrace.so:0xFE0D1F8C
/export/home/trawick/inst/22/modules/mod_backtrace.so:0xFE0D2196
/export/home/trawick/inst/22/bin/httpd:0x807F4E4
/export/home/trawick/inst/22/bin/httpd:0x807FA9D
/export/home/trawick/inst/22/bin/httpd:0x808BDE6
/export/home/trawick/inst/22/bin/httpd:0x8089717
/export/home/trawick/inst/22/bin/httpd:0x8085B8C
/export/home/trawick/inst/22/bin/httpd:0x8085EFE
/export/home/trawick/inst/22/bin/httpd:0x80911EA
/export/home/trawick/inst/22/bin/httpd:0x80913B2
----------------------------------------------------
mod_backtrace: DIAG_BTFIELDS_MODULE_NAME
mod_backtrace.so:0xFE0D1FCC
mod_backtrace.so:0xFE0D2196
httpd:0x807F4E4
httpd:0x807FA9D
httpd:0x808BDE6
httpd:0x8089717
httpd:0x8085B8C
httpd:0x8085EFE
httpd:0x80911EA
httpd:0x80913B2
----------------------------------------------------
mod_backtrace: DIAG_BTFIELDS_MODULE_PATH | DIAG_BTFIELDS_MODULE_NAME
/export/home/trawick/inst/22/modules/mod_backtrace.so:0xFE0D200C
/export/home/trawick/inst/22/modules/mod_backtrace.so:0xFE0D2196
/export/home/trawick/inst/22/bin/httpd:0x807F4E4
/export/home/trawick/inst/22/bin/httpd:0x807FA9D
/export/home/trawick/inst/22/bin/httpd:0x808BDE6
/export/home/trawick/inst/22/bin/httpd:0x8089717
/export/home/trawick/inst/22/bin/httpd:0x8085B8C
/export/home/trawick/inst/22/bin/httpd:0x8085EFE
/export/home/trawick/inst/22/bin/httpd:0x80911EA
/export/home/trawick/inst/22/bin/httpd:0x80913B2
----------------------------------------------------
mod_backtrace: DIAG_BTFIELDS_FUNCTION
diag_backtrace_init
diag_backtrace_init
ap_run_handler
ap_invoke_handler
ap_process_request
ap_filter_protocol
ap_run_process_connection
ap_process_connection
ap_graceful_stop_signalled
ap_graceful_stop_signalled
----------------------------------------------------
mod_backtrace: DIAG_BTFIELDS_FN_OFFSET
0xFE0D208C
0xFE0D2196
0x807F4E4
0x807FA9D
0x808BDE6
0x8089717
0x8085B8C
0x8085EFE
0x80911EA
0x80913B2
----------------------------------------------------
mod_backtrace: DIAG_BTFIELDS_FUNCTION | DIAG_BTFIELDS_FN_OFFSET
diag_backtrace_init+0x914
diag_backtrace_init+0x9DE
ap_run_handler+0x28
ap_invoke_handler+0xDD
ap_process_request+0x5E
ap_filter_protocol+0x343
ap_run_process_connection+0x28
ap_process_connection+0x4A
ap_graceful_stop_signalled+0x362
ap_graceful_stop_signalled+0x52A
----------------------------------------------------
mod_backtrace: DIAG_BTFIELDS_ADDRESS
0xFE0D210C
0xFE0D2196
0x807F4E4
0x807FA9D
0x808BDE6
0x8089717
0x8085B8C
0x8085EFE
0x80911EA
0x80913B2
----------------------------------------------------
mod_backtrace: DIAG_BTFIELDS_ADDRESS | DIAG_BTFIELDS_FUNCTION | DIAG_BTFIELDS_FN_OFFSET
diag_backtrace_init+0x994 0xFE0D214C
diag_backtrace_init+0x9DE 0xFE0D2196
ap_run_handler+0x28 0x807F4E4
ap_invoke_handler+0xDD 0x807FA9D
ap_process_request+0x5E 0x808BDE6
ap_filter_protocol+0x343 0x8089717
ap_run_process_connection+0x28 0x8085B8C
ap_process_connection+0x4A 0x8085EFE
ap_graceful_stop_signalled+0x362 0x80911EA
ap_graceful_stop_signalled+0x52A 0x80913B2

Response from /crash/ request:
HTTP/1.1 200 OK
Date: Wed, 05 Sep 2012 19:16:26 GMT
Server: Apache/2.2.23-dev (Unix) DAV/2
Connection: close
Content-Type: text/plain

Crashing in process 11061...

Pid that crashed: >11061<
/export/home/trawick/inst/22/logs/whatkilledus_log:
['**** Crash at 2012-09-05 15:16:26\n', 'Process id:  11061\n', 'Fatal signal: 11\n', '\n', '/export/home/trawick/inst/22/modules/mod_backtrace.so:diag_backtrace_init+0x3CB 0xFE0D1B83\n', '/export/home/trawick/inst/22/modules/mod_whatkilledus.so:_PROCEDURE_LINKAGE_TABLE_+0x944 0xFE0915D4\n', '/export/home/trawick/inst/22/modules/mod_whatkilledus.so:_PROCEDURE_LINKAGE_TABLE_+0xB4C 0xFE0917DC\n', '/export/home/trawick/inst/22/bin/httpd:ap_run_fatal_exception+0x28 0x8086C8C\n', '/export/home/trawick/inst/22/bin/httpd:ap_mpm_set_exception_hook+0xC9 0x80881E1\n', '/export/home/trawick/inst/22/bin/httpd:ap_mpm_set_exception_hook+0xFE 0x8088216\n', '/lib/libc.so.1:__moddi3+0x17F 0xFED33E9F\n', '/lib/libc.so.1:sema_post+0x3CC 0xFED2A31E\n', '/export/home/trawick/inst/22/modules/mod_crash.so:_PROCEDURE_LINKAGE_TABLE_+0x229 0xFE0B0705\n', '/export/home/trawick/inst/22/modules/mod_crash.so:_PROCEDURE_LINKAGE_TABLE_+0x337 0xFE0B0813\n', '/export/home/trawick/inst/22/bin/httpd:ap_run_handler+0x28 0x807F4E4\n', '/export/home/trawick/inst/22/bin/httpd:ap_invoke_handler+0xDD 0x807FA9D\n', '/export/home/trawick/inst/22/bin/httpd:ap_process_request+0x5E 0x808BDE6\n', '/export/home/trawick/inst/22/bin/httpd:ap_filter_protocol+0x343 0x8089717\n', '/export/home/trawick/inst/22/bin/httpd:ap_run_process_connection+0x28 0x8085B8C\n', '/export/home/trawick/inst/22/bin/httpd:ap_process_connection+0x4A 0x8085EFE\n', '/export/home/trawick/inst/22/bin/httpd:ap_graceful_stop_signalled+0x362 0x80911EA\n', '/export/home/trawick/inst/22/bin/httpd:ap_graceful_stop_signalled+0x52A 0x80913B2\n', '/export/home/trawick/inst/22/bin/httpd:ap_graceful_stop_signalled+0x616 0x809149E\n', '/export/home/trawick/inst/22/bin/httpd:ap_mpm_run+0x153 0x8091877\n', '/export/home/trawick/inst/22/bin/httpd:main+0x78D 0x806D0E1\n', '/export/home/trawick/inst/22/bin/httpd:_start+0x7D 0x806C19D\n', '\n', 'Request line (parsed):\n', 'GET /crash/foo%01%02%03/?****************\n', 'Request headers:\n', 'Connection:close\n', 'Host:127.0.0.1\n', 'X-Jeff:*******\n', 'FooHdr:FooVal\n', 'BarHdr:%01%02%03%04%05%06%07\n', '\n']
/export/home/trawick/inst/22/logs/error_log:
['[Wed Sep 05 15:16:15 2012] [notice] mod_backtrace v2.00 from http://emptyhammock.com/\n', '[Wed Sep 05 15:16:16 2012] [notice] mod_whatkilledus v2.00 from http://emptyhammock.com/\n', '[Wed Sep 05 15:16:16 2012] [notice] Digest: generating secret for digest authentication ...\n', '[Wed Sep 05 15:16:16 2012] [notice] Digest: done\n', '[Wed Sep 05 15:16:17 2012] [notice] Apache/2.2.23-dev (Unix) DAV/2 configured -- resuming normal operations\n', '[Wed Sep 05 15:16:26 2012] [notice] [client 127.0.0.1] ---MoD_bAcKtRaCe---\n', '[Wed Sep 05 15:16:26 2012] [notice] [client 127.0.0.1] mod_backtrace: diag_backtrace_init<diag_backtrace_init<ap_error_log2stderr<diag_backtrace_init<ap_run_handler\n', '[Wed Sep 05 15:16:26 2012] [error] Optional function test said: GET /backtrace/ HTTP/1.0\n', '[Wed Sep 05 15:16:26 2012] [error] Optional hook test said: GET /backtrace/ HTTP/1.0\n', '[Wed Sep 05 15:16:26 2012] [notice] [client 127.0.0.1] mod_crash: about to crash\n', '[Wed Sep 05 15:16:29 2012] [notice] child pid 11061 exit signal Segmentation fault (11), possible coredump in /export/home/trawick/inst/22\n', '[Wed Sep 05 15:16:38 2012] [notice] caught SIGTERM, shutting down\n']
Building for /export/home/trawick/inst/22-64...
['Building for platform SunOS\n', 'rm -f testdiag testcrash mod_backtrace.la mod_whatkilledus.la mod_crash.la *.o\n', 'cc -DDIAG_BITS_64 -DSOLARIS   -c -o testdiag.o testdiag.c\n', 'cc -c -DDIAG_BITS_64 -DSOLARIS -g diag.c\n', 'cc  -o testdiag -g testdiag.o diag.o \n', 'cc -c -DDIAG_BITS_64 -DSOLARIS -g testcrash.c\n', 'cc  -o testcrash -g testcrash.o diag.o \n', '/export/home/trawick/inst/22-64/bin/apxs -Wc,"-DDIAG_BITS_64 -DSOLARIS" -Wl,"" -c mod_backtrace.c diag.c \n', '/export/home/trawick/inst/apr14-64/build-1/libtool --silent --mode=compile /opt/SUNWspro/prod/bin/cc -m64 -prefer-pic   -DSOLARIS2=10 -D_POSIX_PTHREAD_SEMANTICS -D_REENTRANT -DAP_DEBUG -g -I/export/home/trawick/inst/22-64/include  -I/export/home/trawick/inst/apr14-64/include/apr-1   -I/export/home/trawick/inst/apr14-64/include/apr-1  -DDIAG_BITS_64 -DSOLARIS  -c -o mod_backtrace.lo mod_backtrace.c && touch mod_backtrace.slo\n', '"diag_mod_version.h", line 16: warning: invalid white space character in directive\n', '"diag_mod_version.h", line 17: warning: invalid white space character in directive\n', '"diag_mod_version.h", line 19: warning: invalid white space character in directive\n', '"diag_mod_version.h", line 21: warning: invalid white space character in directive\n', '/export/home/trawick/inst/apr14-64/build-1/libtool --silent --mode=compile /opt/SUNWspro/prod/bin/cc -m64 -prefer-pic   -DSOLARIS2=10 -D_POSIX_PTHREAD_SEMANTICS -D_REENTRANT -DAP_DEBUG -g -I/export/home/trawick/inst/22-64/include  -I/export/home/trawick/inst/apr14-64/include/apr-1   -I/export/home/trawick/inst/apr14-64/include/apr-1  -DDIAG_BITS_64 -DSOLARIS  -c -o diag.lo diag.c && touch diag.slo\n', '/export/home/trawick/inst/apr14-64/build-1/libtool --silent --mode=link /opt/SUNWspro/prod/bin/cc -m64 -o mod_backtrace.la   -rpath /export/home/trawick/inst/22-64/modules -module -avoid-version    diag.lo mod_backtrace.lo\n', '/export/home/trawick/inst/22-64/bin/apxs -Wc,"-DDIAG_BITS_64 -DSOLARIS" -Wl,"" -c mod_whatkilledus.c \n', '/export/home/trawick/inst/apr14-64/build-1/libtool --silent --mode=compile /opt/SUNWspro/prod/bin/cc -m64 -prefer-pic   -DSOLARIS2=10 -D_POSIX_PTHREAD_SEMANTICS -D_REENTRANT -DAP_DEBUG -g -I/export/home/trawick/inst/22-64/include  -I/export/home/trawick/inst/apr14-64/include/apr-1   -I/export/home/trawick/inst/apr14-64/include/apr-1  -DDIAG_BITS_64 -DSOLARIS  -c -o mod_whatkilledus.lo mod_whatkilledus.c && touch mod_whatkilledus.slo\n', '"diag_mod_version.h", line 16: warning: invalid white space character in directive\n', '"diag_mod_version.h", line 17: warning: invalid white space character in directive\n', '"diag_mod_version.h", line 19: warning: invalid white space character in directive\n', '"diag_mod_version.h", line 21: warning: invalid white space character in directive\n', '/export/home/trawick/inst/apr14-64/build-1/libtool --silent --mode=link /opt/SUNWspro/prod/bin/cc -m64 -o mod_whatkilledus.la   -rpath /export/home/trawick/inst/22-64/modules -module -avoid-version    mod_whatkilledus.lo\n', '/export/home/trawick/inst/22-64/bin/apxs -Wc,"-DDIAG_BITS_64 -DSOLARIS" -Wl,"" -c mod_crash.c \n', '/export/home/trawick/inst/apr14-64/build-1/libtool --silent --mode=compile /opt/SUNWspro/prod/bin/cc -m64 -prefer-pic   -DSOLARIS2=10 -D_POSIX_PTHREAD_SEMANTICS -D_REENTRANT -DAP_DEBUG -g -I/export/home/trawick/inst/22-64/include  -I/export/home/trawick/inst/apr14-64/include/apr-1   -I/export/home/trawick/inst/apr14-64/include/apr-1  -DDIAG_BITS_64 -DSOLARIS  -c -o mod_crash.lo mod_crash.c && touch mod_crash.slo\n', '"mod_crash.c", line 16: warning: invalid white space character in directive\n', '"mod_crash.c", line 17: warning: invalid white space character in directive\n', '"mod_crash.c", line 18: warning: invalid white space character in directive\n', '"mod_crash.c", line 19: warning: invalid white space character in directive\n', '"mod_crash.c", line 20: warning: invalid white space character in directive\n', '"mod_crash.c", line 22: warning: invalid white space character in directive\n', '"mod_crash.c", line 24: warning: invalid white space character in directive\n', '"mod_crash.c", line 25: warning: invalid white space character in directive\n', '"mod_crash.c", line 26: warning: invalid white space character in directive\n', '"mod_crash.c", line 28: warning: invalid white space character in directive\n', '"mod_crash.c", line 30: warning: invalid white space character in directive\n', '"mod_crash.c", line 35: warning: invalid white space character in directive\n', '"mod_crash.c", line 37: warning: invalid white space character in directive\n', '"mod_crash.c", line 38: warning: invalid white space character in directive\n', '"mod_crash.c", line 39: warning: invalid white space character in directive\n', '/export/home/trawick/inst/apr14-64/build-1/libtool --silent --mode=link /opt/SUNWspro/prod/bin/cc -m64 -o mod_crash.la   -rpath /export/home/trawick/inst/22-64/modules -module -avoid-version    mod_crash.lo\n', '/export/home/trawick/inst/22-64/bin/apxs -i mod_backtrace.la\n', "/export/home/trawick/inst/22-64/build/instdso.sh SH_LIBTOOL='/export/home/trawick/inst/apr14-64/build-1/libtool' mod_backtrace.la /export/home/trawick/inst/22-64/modules\n", '/export/home/trawick/inst/apr14-64/build-1/libtool --mode=install cp mod_backtrace.la /export/home/trawick/inst/22-64/modules/\n', 'cp .libs/mod_backtrace.so /export/home/trawick/inst/22-64/modules/mod_backtrace.so\n', 'chmod +x /export/home/trawick/inst/22-64/modules/mod_backtrace.so\n', 'cp .libs/mod_backtrace.lai /export/home/trawick/inst/22-64/modules/mod_backtrace.la\n', 'cp .libs/mod_backtrace.a /export/home/trawick/inst/22-64/modules/mod_backtrace.a\n', 'chmod 644 /export/home/trawick/inst/22-64/modules/mod_backtrace.a\n', 'ranlib /export/home/trawick/inst/22-64/modules/mod_backtrace.a\n', '----------------------------------------------------------------------\n', 'Libraries have been installed in:\n', '   /export/home/trawick/inst/22-64/modules\n', '\n', 'If you ever happen to want to link against installed libraries\n', 'in a given directory, LIBDIR, you must either use libtool, and\n', "specify the full pathname of the library, or use the `-LLIBDIR'\n", 'flag during linking and do at least one of the following:\n', "   - add LIBDIR to the `LD_LIBRARY_PATH' environment variable\n", '     during execution\n', "   - use the `-RLIBDIR' linker flag\n", '\n', 'See any operating system documentation about shared libraries for\n', 'more information, such as the ld(1) and ld.so(8) manual pages.\n', '----------------------------------------------------------------------\n', 'chmod 755 /export/home/trawick/inst/22-64/modules/mod_backtrace.so\n', '/export/home/trawick/inst/22-64/bin/apxs -i mod_whatkilledus.la\n', "/export/home/trawick/inst/22-64/build/instdso.sh SH_LIBTOOL='/export/home/trawick/inst/apr14-64/build-1/libtool' mod_whatkilledus.la /export/home/trawick/inst/22-64/modules\n", '/export/home/trawick/inst/apr14-64/build-1/libtool --mode=install cp mod_whatkilledus.la /export/home/trawick/inst/22-64/modules/\n', 'cp .libs/mod_whatkilledus.so /export/home/trawick/inst/22-64/modules/mod_whatkilledus.so\n', 'chmod +x /export/home/trawick/inst/22-64/modules/mod_whatkilledus.so\n', 'cp .libs/mod_whatkilledus.lai /export/home/trawick/inst/22-64/modules/mod_whatkilledus.la\n', 'cp .libs/mod_whatkilledus.a /export/home/trawick/inst/22-64/modules/mod_whatkilledus.a\n', 'chmod 644 /export/home/trawick/inst/22-64/modules/mod_whatkilledus.a\n', 'ranlib /export/home/trawick/inst/22-64/modules/mod_whatkilledus.a\n', '----------------------------------------------------------------------\n', 'Libraries have been installed in:\n', '   /export/home/trawick/inst/22-64/modules\n', '\n', 'If you ever happen to want to link against installed libraries\n', 'in a given directory, LIBDIR, you must either use libtool, and\n', "specify the full pathname of the library, or use the `-LLIBDIR'\n", 'flag during linking and do at least one of the following:\n', "   - add LIBDIR to the `LD_LIBRARY_PATH' environment variable\n", '     during execution\n', "   - use the `-RLIBDIR' linker flag\n", '\n', 'See any operating system documentation about shared libraries for\n', 'more information, such as the ld(1) and ld.so(8) manual pages.\n', '----------------------------------------------------------------------\n', 'chmod 755 /export/home/trawick/inst/22-64/modules/mod_whatkilledus.so\n', '/export/home/trawick/inst/22-64/bin/apxs -i mod_crash.la\n', "/export/home/trawick/inst/22-64/build/instdso.sh SH_LIBTOOL='/export/home/trawick/inst/apr14-64/build-1/libtool' mod_crash.la /export/home/trawick/inst/22-64/modules\n", '/export/home/trawick/inst/apr14-64/build-1/libtool --mode=install cp mod_crash.la /export/home/trawick/inst/22-64/modules/\n', 'cp .libs/mod_crash.so /export/home/trawick/inst/22-64/modules/mod_crash.so\n', 'chmod +x /export/home/trawick/inst/22-64/modules/mod_crash.so\n', 'cp .libs/mod_crash.lai /export/home/trawick/inst/22-64/modules/mod_crash.la\n', 'cp .libs/mod_crash.a /export/home/trawick/inst/22-64/modules/mod_crash.a\n', 'chmod 644 /export/home/trawick/inst/22-64/modules/mod_crash.a\n', 'ranlib /export/home/trawick/inst/22-64/modules/mod_crash.a\n', '----------------------------------------------------------------------\n', 'Libraries have been installed in:\n', '   /export/home/trawick/inst/22-64/modules\n', '\n', 'If you ever happen to want to link against installed libraries\n', 'in a given directory, LIBDIR, you must either use libtool, and\n', "specify the full pathname of the library, or use the `-LLIBDIR'\n", 'flag during linking and do at least one of the following:\n', "   - add LIBDIR to the `LD_LIBRARY_PATH' environment variable\n", '     during execution\n', "   - use the `-RLIBDIR' linker flag\n", '\n', 'See any operating system documentation about shared libraries for\n', 'more information, such as the ld(1) and ld.so(8) manual pages.\n', '----------------------------------------------------------------------\n', 'chmod 755 /export/home/trawick/inst/22-64/modules/mod_crash.so\n']
Build rc: 0
Testing ./testcrash...
['Process id:  11958\n', 'Fatal signal: 11\n', 'Invalid memory address: 0xDEADBEEF\n', 'Backtrace to file descriptor:\n', '/export/home/trawick/myhg/apache/mod/diag/testcrash:diag_backtrace+0xc8\n', '/export/home/trawick/myhg/apache/mod/diag/testcrash:0xc53\n', '/lib/libc.so.1:0xa3e9f\n', '/lib/libc.so.1:0x9a31e\n', '/export/home/trawick/myhg/apache/mod/diag/testcrash:y+0x6 [ Signal 11 (SEGV)]\n', '/export/home/trawick/myhg/apache/mod/diag/testcrash:x+0xb\n', '/export/home/trawick/myhg/apache/mod/diag/testcrash:w+0xb\n', '/export/home/trawick/myhg/apache/mod/diag/testcrash:main+0x49\n', '/export/home/trawick/myhg/apache/mod/diag/testcrash:_start+0x7d\n', 'Backtrace to callback:\n', 'testcrash:y+0x6\n', 'testcrash:x+0xB\n', 'testcrash:w+0xB\n', 'testcrash:main+0x49\n', 'testcrash:_start+0x7D\n']
testcrash rc -11
Testing ./testdiag...
['/export/home/trawick/myhg/apache/mod/diag/testdiag:diag_backtrace+0xc8\n', '/export/home/trawick/myhg/apache/mod/diag/testdiag:y+0x83\n', '/export/home/trawick/myhg/apache/mod/diag/testdiag:x+0xb\n', '/export/home/trawick/myhg/apache/mod/diag/testdiag:w+0xb\n', '/export/home/trawick/myhg/apache/mod/diag/testdiag:main+0xb\n', '/export/home/trawick/myhg/apache/mod/diag/testdiag:_start+0x7d\n', '---------------------------------------------------\n', 'testdiag: DIAG_BTFIELDS_ALL\n', '\n', '---------------------------------------------------\n', 'testdiag: DIAG_BTFIELDS_ADDRESS\n', '0x8050C79\n', '0x8050E7B\n', '0x8050E9B\n', '0x8050EBB\n', '0x8050ABD\n', '\n', '---------------------------------------------------\n', 'testdiag: DIAG_BTFIELDS_FUNCTION | DIAG_BTFIELDS_FN_OFFSET\n', 'y+0x11F\n', 'x+0xB\n', 'w+0xB\n', 'main+0xB\n', '_start+0x7D\n', '\n', '---------------------------------------------------\n', 'testdiag: DIAG_BTFIELDS_FUNCTION\n', 'y\n', 'x\n', 'w\n', 'main\n', '_start\n', '\n', '---------------------------------------------------\n', 'testdiag: DIAG_BTFIELDS_FUNCTION | DIAG_BTFIELDS_MODULE_NAME\n', 'testdiag:y\n', 'testdiag:x\n', 'testdiag:w\n', 'testdiag:main\n', 'testdiag:_start\n', '\n', '---------------------------------------------------\n', 'testdiag: DIAG_BTFIELDS_FUNCTION | DIAG_BTFIELDS_MODULE_PATH\n', '/export/home/trawick/myhg/apache/mod/diag/testdiag:y\n', '/export/home/trawick/myhg/apache/mod/diag/testdiag:x\n', '/export/home/trawick/myhg/apache/mod/diag/testdiag:w\n', '/export/home/trawick/myhg/apache/mod/diag/testdiag:main\n', '/export/home/trawick/myhg/apache/mod/diag/testdiag:_start\n', '\n', '---------------------------------------------------\n', 'testdiag: ONELINER\n', 'y<x<w\n']
testdiag rc 0
['Server version: Apache/2.2.24-dev (Unix)\n', 'Server built:   Sep  5 2012 15:02:17\n']
["httpd: Could not reliably determine the server's fully qualified domain name, using 192.168.1.204 for ServerName\n"]
Response from /backtrace/ request:
HTTP/1.1 200 OK
Date: Wed, 05 Sep 2012 19:17:08 GMT
Server: Apache/2.2.24-dev (Unix) DAV/2
Content-Length: 3186
Connection: close
Content-Type: text/plain

----------------------------------------------------
mod_backtrace: DIAG_BTFIELDS_MODULE_PATH
/export/home/trawick/inst/22-64/modules/mod_backtrace.so:-0x28001C5C3AF
/export/home/trawick/inst/22-64/modules/mod_backtrace.so:-0x28001C5C0D2
/export/home/trawick/inst/22-64/bin/httpd:0x450A6E
/export/home/trawick/inst/22-64/bin/httpd:0x4516FD
/export/home/trawick/inst/22-64/bin/httpd:0x468CAB
/export/home/trawick/inst/22-64/bin/httpd:0x4645BC
/export/home/trawick/inst/22-64/bin/httpd:0x45D7AE
/export/home/trawick/inst/22-64/bin/httpd:0x45DDDA
/export/home/trawick/inst/22-64/bin/httpd:0x47201C
/export/home/trawick/inst/22-64/bin/httpd:0x472293
----------------------------------------------------
mod_backtrace: DIAG_BTFIELDS_MODULE_NAME
mod_backtrace.so:-0x28001C5C351
mod_backtrace.so:-0x28001C5C0D2
httpd:0x450A6E
httpd:0x4516FD
httpd:0x468CAB
httpd:0x4645BC
httpd:0x45D7AE
httpd:0x45DDDA
httpd:0x47201C
httpd:0x472293
----------------------------------------------------
mod_backtrace: DIAG_BTFIELDS_MODULE_PATH | DIAG_BTFIELDS_MODULE_NAME
/export/home/trawick/inst/22-64/modules/mod_backtrace.so:-0x28001C5C2F3
/export/home/trawick/inst/22-64/modules/mod_backtrace.so:-0x28001C5C0D2
/export/home/trawick/inst/22-64/bin/httpd:0x450A6E
/export/home/trawick/inst/22-64/bin/httpd:0x4516FD
/export/home/trawick/inst/22-64/bin/httpd:0x468CAB
/export/home/trawick/inst/22-64/bin/httpd:0x4645BC
/export/home/trawick/inst/22-64/bin/httpd:0x45D7AE
/export/home/trawick/inst/22-64/bin/httpd:0x45DDDA
/export/home/trawick/inst/22-64/bin/httpd:0x47201C
/export/home/trawick/inst/22-64/bin/httpd:0x472293
----------------------------------------------------
mod_backtrace: DIAG_BTFIELDS_FUNCTION
diag_backtrace_init
diag_backtrace_init
ap_run_handler
ap_invoke_handler
ap_process_request
ap_filter_protocol
ap_run_process_connection
ap_process_connection
ap_graceful_stop_signalled
ap_graceful_stop_signalled
----------------------------------------------------
mod_backtrace: DIAG_BTFIELDS_FN_OFFSET
-0x28001C5C237
-0x28001C5C0D2
0x450A6E
0x4516FD
0x468CAB
0x4645BC
0x45D7AE
0x45DDDA
0x47201C
0x472293
----------------------------------------------------
mod_backtrace: DIAG_BTFIELDS_FUNCTION | DIAG_BTFIELDS_FN_OFFSET
diag_backtrace_init+0xD87
diag_backtrace_init+0xE8E
ap_run_handler+0x7E
ap_invoke_handler+0x1BD
ap_process_request+0x7B
ap_filter_protocol+0x63C
ap_run_process_connection+0x7E
ap_process_connection+0x7A
ap_graceful_stop_signalled+0x6BC
ap_graceful_stop_signalled+0x933
----------------------------------------------------
mod_backtrace: DIAG_BTFIELDS_ADDRESS
-0x28001C5C17B
-0x28001C5C0D2
0x450A6E
0x4516FD
0x468CAB
0x4645BC
0x45D7AE
0x45DDDA
0x47201C
0x472293
----------------------------------------------------
mod_backtrace: DIAG_BTFIELDS_ADDRESS | DIAG_BTFIELDS_FUNCTION | DIAG_BTFIELDS_FN_OFFSET
diag_backtrace_init+0xE43 -0x28001C5C11D
diag_backtrace_init+0xE8E -0x28001C5C0D2
ap_run_handler+0x7E 0x450A6E
ap_invoke_handler+0x1BD 0x4516FD
ap_process_request+0x7B 0x468CAB
ap_filter_protocol+0x63C 0x4645BC
ap_run_process_connection+0x7E 0x45D7AE
ap_process_connection+0x7A 0x45DDDA
ap_graceful_stop_signalled+0x6BC 0x47201C
ap_graceful_stop_signalled+0x933 0x472293

Response from /crash/ request:
HTTP/1.1 200 OK
Date: Wed, 05 Sep 2012 19:17:08 GMT
Server: Apache/2.2.24-dev (Unix) DAV/2
Connection: close
Content-Type: text/plain

Crashing in process 11973...

Pid that crashed: >11973<
/export/home/trawick/inst/22-64/logs/whatkilledus_log:
['**** Crash at 2012-09-05 15:17:08\n', 'Process id:  11973\n', 'Fatal signal: 11\n', '\n', '/export/home/trawick/inst/22-64/modules/mod_backtrace.so:diag_backtrace_init+0x50C -0x28001C5CA54\n', '/export/home/trawick/inst/22-64/modules/mod_whatkilledus.so:_PROCEDURE_LINKAGE_TABLE_+0xDC2 -0x28001C9D51E\n', '/export/home/trawick/inst/22-64/modules/mod_whatkilledus.so:_PROCEDURE_LINKAGE_TABLE_+0x1051 -0x28001C9D28F\n', '/export/home/trawick/inst/22-64/bin/httpd:ap_run_fatal_exception+0x7E 0x45F6DE\n', '/export/home/trawick/inst/22-64/bin/httpd:ap_mpm_set_exception_hook+0x168 0x461C58\n', '/export/home/trawick/inst/22-64/bin/httpd:ap_mpm_set_exception_hook+0x1C3 0x461CB3\n', '/lib/amd64/libc.so.1:_thr_slot_offset+0x656 -0x28000F6FF4A\n', '/lib/amd64/libc.so.1:sema_post+0x422 -0x28000F7AC5E\n', '/export/home/trawick/inst/22-64/modules/mod_crash.so:_PROCEDURE_LINKAGE_TABLE_+0x179 -0x28001C7F647\n', '/export/home/trawick/inst/22-64/modules/mod_crash.so:_PROCEDURE_LINKAGE_TABLE_+0x2F6 -0x28001C7F4CA\n', '/export/home/trawick/inst/22-64/bin/httpd:ap_run_handler+0x7E 0x450A6E\n', '/export/home/trawick/inst/22-64/bin/httpd:ap_invoke_handler+0x1BD 0x4516FD\n', '/export/home/trawick/inst/22-64/bin/httpd:ap_process_request+0x7B 0x468CAB\n', '/export/home/trawick/inst/22-64/bin/httpd:ap_filter_protocol+0x63C 0x4645BC\n', '/export/home/trawick/inst/22-64/bin/httpd:ap_run_process_connection+0x7E 0x45D7AE\n', '/export/home/trawick/inst/22-64/bin/httpd:ap_process_connection+0x7A 0x45DDDA\n', '/export/home/trawick/inst/22-64/bin/httpd:ap_graceful_stop_signalled+0x6BC 0x47201C\n', '/export/home/trawick/inst/22-64/bin/httpd:ap_graceful_stop_signalled+0x933 0x472293\n', '/export/home/trawick/inst/22-64/bin/httpd:ap_graceful_stop_signalled+0x9D9 0x472339\n', '/export/home/trawick/inst/22-64/bin/httpd:ap_mpm_run+0x2AB 0x4728FB\n', '/export/home/trawick/inst/22-64/bin/httpd:main+0xFE3 0x42D5B3\n', '/export/home/trawick/inst/22-64/bin/httpd:_start+0x6C 0x42B87C\n', '\n', 'Request line (parsed):\n', 'GET /crash/foo%01%02%03/?****************\n', 'Request headers:\n', 'Connection:close\n', 'Host:127.0.0.1\n', 'X-Jeff:*******\n', 'FooHdr:FooVal\n', 'BarHdr:%01%02%03%04%05%06%07\n', '\n']
/export/home/trawick/inst/22-64/logs/error_log:
['[Wed Sep 05 15:16:57 2012] [notice] mod_backtrace v2.00 from http://emptyhammock.com/\n', '[Wed Sep 05 15:16:58 2012] [notice] mod_whatkilledus v2.00 from http://emptyhammock.com/\n', '[Wed Sep 05 15:16:58 2012] [notice] Digest: generating secret for digest authentication ...\n', '[Wed Sep 05 15:16:58 2012] [notice] Digest: done\n', '[Wed Sep 05 15:16:59 2012] [notice] Apache/2.2.24-dev (Unix) DAV/2 configured -- resuming normal operations\n', '[Wed Sep 05 15:17:08 2012] [notice] [client 127.0.0.1] ---MoD_bAcKtRaCe---\n', '[Wed Sep 05 15:17:08 2012] [notice] [client 127.0.0.1] mod_backtrace: diag_backtrace_init<diag_backtrace_init<ap_error_log2stderr<diag_backtrace_init<ap_run_handler\n', '[Wed Sep 05 15:17:08 2012] [error] Optional function test said: GET /backtrace/ HTTP/1.0\n', '[Wed Sep 05 15:17:08 2012] [error] Optional hook test said: GET /backtrace/ HTTP/1.0\n', '[Wed Sep 05 15:17:08 2012] [notice] [client 127.0.0.1] mod_crash: about to crash\n', '[Wed Sep 05 15:17:11 2012] [notice] child pid 11973 exit signal Segmentation fault (11), possible coredump in /export/home/trawick/inst/22-64\n', '[Wed Sep 05 15:17:21 2012] [notice] caught SIGTERM, shutting down\n']
Building for /export/home/trawick/inst/24...
['httpd: Syntax error on line 144 of /export/home/trawick/inst/24/conf/httpd.conf: Cannot load modules/mod_ssl.so into server: ld.so.1: httpd: fatal: libssl.so.0.9.7: open failed: No such file or directory\n', 'Building for platform SunOS\n', 'rm -f testdiag testcrash mod_backtrace.la mod_whatkilledus.la mod_crash.la *.o\n', 'cc -DDIAG_BITS_ -DSOLARIS   -c -o testdiag.o testdiag.c\n', 'cc -c -DDIAG_BITS_ -DSOLARIS -g diag.c\n', 'cc  -o testdiag -g testdiag.o diag.o \n', 'cc -c -DDIAG_BITS_ -DSOLARIS -g testcrash.c\n', 'cc  -o testcrash -g testcrash.o diag.o \n', '/export/home/trawick/inst/24/bin/apxs -Wc,"-DDIAG_BITS_ -DSOLARIS" -Wl,"" -c mod_backtrace.c diag.c \n', '/export/home/trawick/inst/apr14/build-1/libtool --silent --mode=compile /opt/SUNWspro/prod/bin/cc -m32 -xc99=all -prefer-pic   -DSOLARIS2=10 -D_POSIX_PTHREAD_SEMANTICS -D_REENTRANT -D_LARGEFILE64_SOURCE -DAP_DEBUG -O3 -g -I/usr/include/libxml2 -I/export/home/trawick/inst/24/include  -I/export/home/trawick/inst/apr14/include/apr-1   -I/export/home/trawick/inst/apr14/include/apr-1  -DDIAG_BITS_ -DSOLARIS  -c -o mod_backtrace.lo mod_backtrace.c && touch mod_backtrace.slo\n', '"diag_mod_version.h", line 16: warning: invalid white space character in directive\n', '"diag_mod_version.h", line 17: warning: invalid white space character in directive\n', '"diag_mod_version.h", line 19: warning: invalid white space character in directive\n', '"diag_mod_version.h", line 21: warning: invalid white space character in directive\n', '/export/home/trawick/inst/apr14/build-1/libtool --silent --mode=compile /opt/SUNWspro/prod/bin/cc -m32 -xc99=all -prefer-pic   -DSOLARIS2=10 -D_POSIX_PTHREAD_SEMANTICS -D_REENTRANT -D_LARGEFILE64_SOURCE -DAP_DEBUG -O3 -g -I/usr/include/libxml2 -I/export/home/trawick/inst/24/include  -I/export/home/trawick/inst/apr14/include/apr-1   -I/export/home/trawick/inst/apr14/include/apr-1  -DDIAG_BITS_ -DSOLARIS  -c -o diag.lo diag.c && touch diag.slo\n', '/export/home/trawick/inst/apr14/build-1/libtool --silent --mode=link /opt/SUNWspro/prod/bin/cc -m32 -xc99=all    -o mod_backtrace.la   -rpath /export/home/trawick/inst/24/modules -module -avoid-version    diag.lo mod_backtrace.lo\n', '/export/home/trawick/inst/24/bin/apxs -Wc,"-DDIAG_BITS_ -DSOLARIS" -Wl,"" -c mod_whatkilledus.c \n', '/export/home/trawick/inst/apr14/build-1/libtool --silent --mode=compile /opt/SUNWspro/prod/bin/cc -m32 -xc99=all -prefer-pic   -DSOLARIS2=10 -D_POSIX_PTHREAD_SEMANTICS -D_REENTRANT -D_LARGEFILE64_SOURCE -DAP_DEBUG -O3 -g -I/usr/include/libxml2 -I/export/home/trawick/inst/24/include  -I/export/home/trawick/inst/apr14/include/apr-1   -I/export/home/trawick/inst/apr14/include/apr-1  -DDIAG_BITS_ -DSOLARIS  -c -o mod_whatkilledus.lo mod_whatkilledus.c && touch mod_whatkilledus.slo\n', '"diag_mod_version.h", line 16: warning: invalid white space character in directive\n', '"diag_mod_version.h", line 17: warning: invalid white space character in directive\n', '"diag_mod_version.h", line 19: warning: invalid white space character in directive\n', '"diag_mod_version.h", line 21: warning: invalid white space character in directive\n', '/export/home/trawick/inst/apr14/build-1/libtool --silent --mode=link /opt/SUNWspro/prod/bin/cc -m32 -xc99=all    -o mod_whatkilledus.la   -rpath /export/home/trawick/inst/24/modules -module -avoid-version    mod_whatkilledus.lo\n', '/export/home/trawick/inst/24/bin/apxs -Wc,"-DDIAG_BITS_ -DSOLARIS" -Wl,"" -c mod_crash.c \n', '/export/home/trawick/inst/apr14/build-1/libtool --silent --mode=compile /opt/SUNWspro/prod/bin/cc -m32 -xc99=all -prefer-pic   -DSOLARIS2=10 -D_POSIX_PTHREAD_SEMANTICS -D_REENTRANT -D_LARGEFILE64_SOURCE -DAP_DEBUG -O3 -g -I/usr/include/libxml2 -I/export/home/trawick/inst/24/include  -I/export/home/trawick/inst/apr14/include/apr-1   -I/export/home/trawick/inst/apr14/include/apr-1  -DDIAG_BITS_ -DSOLARIS  -c -o mod_crash.lo mod_crash.c && touch mod_crash.slo\n', '"mod_crash.c", line 16: warning: invalid white space character in directive\n', '"mod_crash.c", line 17: warning: invalid white space character in directive\n', '"mod_crash.c", line 18: warning: invalid white space character in directive\n', '"mod_crash.c", line 19: warning: invalid white space character in directive\n', '"mod_crash.c", line 20: warning: invalid white space character in directive\n', '"mod_crash.c", line 22: warning: invalid white space character in directive\n', '"mod_crash.c", line 24: warning: invalid white space character in directive\n', '"mod_crash.c", line 25: warning: invalid white space character in directive\n', '"mod_crash.c", line 26: warning: invalid white space character in directive\n', '"mod_crash.c", line 28: warning: invalid white space character in directive\n', '"mod_crash.c", line 30: warning: invalid white space character in directive\n', '"mod_crash.c", line 35: warning: invalid white space character in directive\n', '"mod_crash.c", line 36: warning: invalid white space character in directive\n', '"mod_crash.c", line 37: warning: invalid white space character in directive\n', '"mod_crash.c", line 39: warning: invalid white space character in directive\n', '/export/home/trawick/inst/apr14/build-1/libtool --silent --mode=link /opt/SUNWspro/prod/bin/cc -m32 -xc99=all    -o mod_crash.la   -rpath /export/home/trawick/inst/24/modules -module -avoid-version    mod_crash.lo\n', '/export/home/trawick/inst/24/bin/apxs -i mod_backtrace.la\n', "/export/home/trawick/inst/24/build/instdso.sh SH_LIBTOOL='/export/home/trawick/inst/apr14/build-1/libtool' mod_backtrace.la /export/home/trawick/inst/24/modules\n", '/export/home/trawick/inst/apr14/build-1/libtool --mode=install cp mod_backtrace.la /export/home/trawick/inst/24/modules/\n', 'cp .libs/mod_backtrace.so /export/home/trawick/inst/24/modules/mod_backtrace.so\n', 'chmod +x /export/home/trawick/inst/24/modules/mod_backtrace.so\n', 'cp .libs/mod_backtrace.lai /export/home/trawick/inst/24/modules/mod_backtrace.la\n', 'cp .libs/mod_backtrace.a /export/home/trawick/inst/24/modules/mod_backtrace.a\n', 'chmod 644 /export/home/trawick/inst/24/modules/mod_backtrace.a\n', 'ranlib /export/home/trawick/inst/24/modules/mod_backtrace.a\n', '----------------------------------------------------------------------\n', 'Libraries have been installed in:\n', '   /export/home/trawick/inst/24/modules\n', '\n', 'If you ever happen to want to link against installed libraries\n', 'in a given directory, LIBDIR, you must either use libtool, and\n', "specify the full pathname of the library, or use the `-LLIBDIR'\n", 'flag during linking and do at least one of the following:\n', "   - add LIBDIR to the `LD_LIBRARY_PATH' environment variable\n", '     during execution\n', "   - use the `-RLIBDIR' linker flag\n", '\n', 'See any operating system documentation about shared libraries for\n', 'more information, such as the ld(1) and ld.so(8) manual pages.\n', '----------------------------------------------------------------------\n', 'chmod 755 /export/home/trawick/inst/24/modules/mod_backtrace.so\n', '/export/home/trawick/inst/24/bin/apxs -i mod_whatkilledus.la\n', "/export/home/trawick/inst/24/build/instdso.sh SH_LIBTOOL='/export/home/trawick/inst/apr14/build-1/libtool' mod_whatkilledus.la /export/home/trawick/inst/24/modules\n", '/export/home/trawick/inst/apr14/build-1/libtool --mode=install cp mod_whatkilledus.la /export/home/trawick/inst/24/modules/\n', 'cp .libs/mod_whatkilledus.so /export/home/trawick/inst/24/modules/mod_whatkilledus.so\n', 'chmod +x /export/home/trawick/inst/24/modules/mod_whatkilledus.so\n', 'cp .libs/mod_whatkilledus.lai /export/home/trawick/inst/24/modules/mod_whatkilledus.la\n', 'cp .libs/mod_whatkilledus.a /export/home/trawick/inst/24/modules/mod_whatkilledus.a\n', 'chmod 644 /export/home/trawick/inst/24/modules/mod_whatkilledus.a\n', 'ranlib /export/home/trawick/inst/24/modules/mod_whatkilledus.a\n', '----------------------------------------------------------------------\n', 'Libraries have been installed in:\n', '   /export/home/trawick/inst/24/modules\n', '\n', 'If you ever happen to want to link against installed libraries\n', 'in a given directory, LIBDIR, you must either use libtool, and\n', "specify the full pathname of the library, or use the `-LLIBDIR'\n", 'flag during linking and do at least one of the following:\n', "   - add LIBDIR to the `LD_LIBRARY_PATH' environment variable\n", '     during execution\n', "   - use the `-RLIBDIR' linker flag\n", '\n', 'See any operating system documentation about shared libraries for\n', 'more information, such as the ld(1) and ld.so(8) manual pages.\n', '----------------------------------------------------------------------\n', 'chmod 755 /export/home/trawick/inst/24/modules/mod_whatkilledus.so\n', '/export/home/trawick/inst/24/bin/apxs -i mod_crash.la\n', "/export/home/trawick/inst/24/build/instdso.sh SH_LIBTOOL='/export/home/trawick/inst/apr14/build-1/libtool' mod_crash.la /export/home/trawick/inst/24/modules\n", '/export/home/trawick/inst/apr14/build-1/libtool --mode=install cp mod_crash.la /export/home/trawick/inst/24/modules/\n', 'cp .libs/mod_crash.so /export/home/trawick/inst/24/modules/mod_crash.so\n', 'chmod +x /export/home/trawick/inst/24/modules/mod_crash.so\n', 'cp .libs/mod_crash.lai /export/home/trawick/inst/24/modules/mod_crash.la\n', 'cp .libs/mod_crash.a /export/home/trawick/inst/24/modules/mod_crash.a\n', 'chmod 644 /export/home/trawick/inst/24/modules/mod_crash.a\n', 'ranlib /export/home/trawick/inst/24/modules/mod_crash.a\n', '----------------------------------------------------------------------\n', 'Libraries have been installed in:\n', '   /export/home/trawick/inst/24/modules\n', '\n', 'If you ever happen to want to link against installed libraries\n', 'in a given directory, LIBDIR, you must either use libtool, and\n', "specify the full pathname of the library, or use the `-LLIBDIR'\n", 'flag during linking and do at least one of the following:\n', "   - add LIBDIR to the `LD_LIBRARY_PATH' environment variable\n", '     during execution\n', "   - use the `-RLIBDIR' linker flag\n", '\n', 'See any operating system documentation about shared libraries for\n', 'more information, such as the ld(1) and ld.so(8) manual pages.\n', '----------------------------------------------------------------------\n', 'chmod 755 /export/home/trawick/inst/24/modules/mod_crash.so\n']
Build rc: 0
Testing ./testcrash...
['Process id:  12952\n', 'Fatal signal: 11\n', 'Invalid memory address: 0xDEADBEEF\n', 'Backtrace to file descriptor:\n', '/export/home/trawick/myhg/apache/mod/diag/testcrash:diag_backtrace+0xc8\n', '/export/home/trawick/myhg/apache/mod/diag/testcrash:0xbd3\n', '/lib/libc.so.1:0xa3e9f\n', '/lib/libc.so.1:0x9a31e\n', '/export/home/trawick/myhg/apache/mod/diag/testcrash:y+0x6 [ Signal 11 (SEGV)]\n', '/export/home/trawick/myhg/apache/mod/diag/testcrash:x+0xb\n', '/export/home/trawick/myhg/apache/mod/diag/testcrash:w+0xb\n', '/export/home/trawick/myhg/apache/mod/diag/testcrash:main+0x49\n', '/export/home/trawick/myhg/apache/mod/diag/testcrash:_start+0x7d\n', 'Backtrace to callback:\n', 'testcrash:y+0x6\n', 'testcrash:x+0xB\n', 'testcrash:w+0xB\n', 'testcrash:main+0x49\n', 'testcrash:_start+0x7D\n']
testcrash rc -11
Testing ./testdiag...
['/export/home/trawick/myhg/apache/mod/diag/testdiag:diag_backtrace+0xc8\n', '/export/home/trawick/myhg/apache/mod/diag/testdiag:y+0x83\n', '/export/home/trawick/myhg/apache/mod/diag/testdiag:x+0xb\n', '/export/home/trawick/myhg/apache/mod/diag/testdiag:w+0xb\n', '/export/home/trawick/myhg/apache/mod/diag/testdiag:main+0xb\n', '/export/home/trawick/myhg/apache/mod/diag/testdiag:_start+0x7d\n', '---------------------------------------------------\n', 'testdiag: DIAG_BTFIELDS_ALL\n', '\n', '---------------------------------------------------\n', 'testdiag: DIAG_BTFIELDS_ADDRESS\n', '0x8050BF9\n', '0x8050DFB\n', '0x8050E1B\n', '0x8050E3B\n', '0x8050A3D\n', '\n', '---------------------------------------------------\n', 'testdiag: DIAG_BTFIELDS_FUNCTION | DIAG_BTFIELDS_FN_OFFSET\n', 'y+0x11F\n', 'x+0xB\n', 'w+0xB\n', 'main+0xB\n', '_start+0x7D\n', '\n', '---------------------------------------------------\n', 'testdiag: DIAG_BTFIELDS_FUNCTION\n', 'y\n', 'x\n', 'w\n', 'main\n', '_start\n', '\n', '---------------------------------------------------\n', 'testdiag: DIAG_BTFIELDS_FUNCTION | DIAG_BTFIELDS_MODULE_NAME\n', 'testdiag:y\n', 'testdiag:x\n', 'testdiag:w\n', 'testdiag:main\n', 'testdiag:_start\n', '\n', '---------------------------------------------------\n', 'testdiag: DIAG_BTFIELDS_FUNCTION | DIAG_BTFIELDS_MODULE_PATH\n', '/export/home/trawick/myhg/apache/mod/diag/testdiag:y\n', '/export/home/trawick/myhg/apache/mod/diag/testdiag:x\n', '/export/home/trawick/myhg/apache/mod/diag/testdiag:w\n', '/export/home/trawick/myhg/apache/mod/diag/testdiag:main\n', '/export/home/trawick/myhg/apache/mod/diag/testdiag:_start\n', '\n', '---------------------------------------------------\n', 'testdiag: ONELINER\n', 'y<x<w\n']
testdiag rc 0
['Server version: Apache/2.4.4-dev (Unix)\n', 'Server built:   Aug 28 2012 12:30:54\n']
["AH00558: httpd: Could not reliably determine the server's fully qualified domain name, using 192.168.1.204. Set the 'ServerName' directive globally to suppress this message\n"]
Response from /backtrace/ request:
HTTP/1.1 200 OK
Date: Wed, 05 Sep 2012 19:17:53 GMT
Server: Apache/2.4.4-dev (Unix) OpenSSL/0.9.7d
Content-Length: 3205
Connection: close
Content-Type: text/plain

----------------------------------------------------
mod_backtrace: DIAG_BTFIELDS_MODULE_PATH
/export/home/trawick/inst/24/modules/mod_backtrace.so:0xFD7C1F60
/export/home/trawick/inst/24/modules/mod_backtrace.so:0xFD7C2168
/export/home/trawick/inst/24/bin/httpd:0x808CC74
/export/home/trawick/inst/24/bin/httpd:0x808D224
/export/home/trawick/inst/24/bin/httpd:0x80A08D1
/export/home/trawick/inst/24/bin/httpd:0x809DD21
/export/home/trawick/inst/24/bin/httpd:0x809DF51
/export/home/trawick/inst/24/bin/httpd:0x8095E08
/export/home/trawick/inst/24/modules/mod_mpm_event.so:0xFDBE4E98
/export/home/trawick/inst/24/modules/mod_mpm_event.so:0xFDBE6E5F
----------------------------------------------------
mod_backtrace: DIAG_BTFIELDS_MODULE_NAME
mod_backtrace.so:0xFD7C1FA0
mod_backtrace.so:0xFD7C2168
httpd:0x808CC74
httpd:0x808D224
httpd:0x80A08D1
httpd:0x809DD21
httpd:0x809DF51
httpd:0x8095E08
mod_mpm_event.so:0xFDBE4E98
mod_mpm_event.so:0xFDBE6E5F
----------------------------------------------------
mod_backtrace: DIAG_BTFIELDS_MODULE_PATH | DIAG_BTFIELDS_MODULE_NAME
/export/home/trawick/inst/24/modules/mod_backtrace.so:0xFD7C1FE0
/export/home/trawick/inst/24/modules/mod_backtrace.so:0xFD7C2168
/export/home/trawick/inst/24/bin/httpd:0x808CC74
/export/home/trawick/inst/24/bin/httpd:0x808D224
/export/home/trawick/inst/24/bin/httpd:0x80A08D1
/export/home/trawick/inst/24/bin/httpd:0x809DD21
/export/home/trawick/inst/24/bin/httpd:0x809DF51
/export/home/trawick/inst/24/bin/httpd:0x8095E08
/export/home/trawick/inst/24/modules/mod_mpm_event.so:0xFDBE4E98
/export/home/trawick/inst/24/modules/mod_mpm_event.so:0xFDBE6E5F
----------------------------------------------------
mod_backtrace: DIAG_BTFIELDS_FUNCTION
diag_backtrace_init
diag_backtrace_init
ap_run_handler
ap_invoke_handler
ap_process_async_request
ap_expr_yyfree
ap_expr_yyfree
ap_run_process_connection
_PROCEDURE_LINKAGE_TABLE_
_PROCEDURE_LINKAGE_TABLE_
----------------------------------------------------
mod_backtrace: DIAG_BTFIELDS_FN_OFFSET
0xFD7C2060
0xFD7C2168
0x808CC74
0x808D224
0x80A08D1
0x809DD21
0x809DF51
0x8095E08
0xFDBE4E98
0xFDBE6E5F
----------------------------------------------------
mod_backtrace: DIAG_BTFIELDS_FUNCTION | DIAG_BTFIELDS_FN_OFFSET
diag_backtrace_init+0x934
diag_backtrace_init+0x9FC
ap_run_handler+0x28
ap_invoke_handler+0xD4
ap_process_async_request+0x1AD
ap_expr_yyfree+0x8C9
ap_expr_yyfree+0xAF9
ap_run_process_connection+0x28
_PROCEDURE_LINKAGE_TABLE_+0x1E18
_PROCEDURE_LINKAGE_TABLE_+0x3DDF
----------------------------------------------------
mod_backtrace: DIAG_BTFIELDS_ADDRESS
0xFD7C20E0
0xFD7C2168
0x808CC74
0x808D224
0x80A08D1
0x809DD21
0x809DF51
0x8095E08
0xFDBE4E98
0xFDBE6E5F
----------------------------------------------------
mod_backtrace: DIAG_BTFIELDS_ADDRESS | DIAG_BTFIELDS_FUNCTION | DIAG_BTFIELDS_FN_OFFSET
diag_backtrace_init+0x9B4 0xFD7C2120
diag_backtrace_init+0x9FC 0xFD7C2168
ap_run_handler+0x28 0x808CC74
ap_invoke_handler+0xD4 0x808D224
ap_process_async_request+0x1AD 0x80A08D1
ap_expr_yyfree+0x8C9 0x809DD21
ap_expr_yyfree+0xAF9 0x809DF51
ap_run_process_connection+0x28 0x8095E08
_PROCEDURE_LINKAGE_TABLE_+0x1E18 0xFDBE4E98
_PROCEDURE_LINKAGE_TABLE_+0x3DDF 0xFDBE6E5F

Response from /crash/ request:
HTTP/1.1 200 OK
Date: Wed, 05 Sep 2012 19:17:53 GMT
Server: Apache/2.4.4-dev (Unix) OpenSSL/0.9.7d
Connection: close
Content-Type: text/plain

Crashing in process 12962...

Pid that crashed: >12962<
/export/home/trawick/inst/24/logs/whatkilledus_log:
['**** Crash at 2012-09-05 15:17:53\n', 'Process id:  12962\n', 'Fatal signal: 11\n', '\n', '/export/home/trawick/inst/24/modules/mod_backtrace.so:diag_backtrace_init+0x3EF 0xFD7C1B5B\n', '/export/home/trawick/inst/24/modules/mod_whatkilledus.so:_PROCEDURE_LINKAGE_TABLE_+0x98C 0xFD7816C8\n', '/export/home/trawick/inst/24/modules/mod_whatkilledus.so:_PROCEDURE_LINKAGE_TABLE_+0xB94 0xFD7818D0\n', '/export/home/trawick/inst/24/bin/httpd:ap_run_fatal_exception+0x28 0x8076888\n', '/export/home/trawick/inst/24/bin/httpd:ap_mpm_set_exception_hook+0xC9 0x8098E3D\n', '/export/home/trawick/inst/24/bin/httpd:ap_mpm_set_exception_hook+0xFF 0x8098E73\n', '/lib/libc.so.1:__moddi3+0x17F 0xFED43E9F\n', '/lib/libc.so.1:sema_post+0x3CC 0xFED3A31E\n', '/export/home/trawick/inst/24/modules/mod_crash.so:_PROCEDURE_LINKAGE_TABLE_+0x293 0xFD7A0817\n', '/export/home/trawick/inst/24/modules/mod_crash.so:_PROCEDURE_LINKAGE_TABLE_+0x3B3 0xFD7A0937\n', '/export/home/trawick/inst/24/bin/httpd:ap_run_handler+0x28 0x808CC74\n', '/export/home/trawick/inst/24/bin/httpd:ap_invoke_handler+0xD4 0x808D224\n', '/export/home/trawick/inst/24/bin/httpd:ap_process_async_request+0x1AD 0x80A08D1\n', '/export/home/trawick/inst/24/bin/httpd:ap_expr_yyfree+0x8C9 0x809DD21\n', '/export/home/trawick/inst/24/bin/httpd:ap_expr_yyfree+0xAF9 0x809DF51\n', '/export/home/trawick/inst/24/bin/httpd:ap_run_process_connection+0x28 0x8095E08\n', '/export/home/trawick/inst/24/modules/mod_mpm_event.so:_PROCEDURE_LINKAGE_TABLE_+0x1E18 0xFDBE4E98\n', '/export/home/trawick/inst/24/modules/mod_mpm_event.so:_PROCEDURE_LINKAGE_TABLE_+0x3DDF 0xFDBE6E5F\n', '/export/home/trawick/inst/apr14/lib/libapr-1.so.0.4.3:apr_threadattr_guardsize_set+0x3E 0xFEEC873E\n', '/lib/libc.so.1:_thr_slot_offset+0x31F 0xFED43A91\n', '/lib/libc.so.1:__moddi3+0x60 0xFED43D80\n', '\n', 'Request line (parsed):\n', 'GET /crash/foo%01%02%03/?****************\n', 'Request headers:\n', 'Connection:close\n', 'Host:127.0.0.1\n', 'X-Jeff:*******\n', 'FooHdr:FooVal\n', 'BarHdr:%01%02%03%04%05%06%07\n', '\n']
/export/home/trawick/inst/24/logs/error_log:
['[Wed Sep 05 15:17:42.652816 2012] [whatkilledus:notice] [pid 12959:tid 1] mod_whatkilledus v2.00 from http://emptyhammock.com/\n', '[Wed Sep 05 15:17:43.164465 2012] [backtrace:notice] [pid 12959:tid 1] mod_backtrace v2.00 from http://emptyhammock.com/\n', '[Wed Sep 05 15:17:44.002216 2012] [auth_digest:notice] [pid 12960:tid 1] AH01757: generating secret for digest authentication ...\n', '[Wed Sep 05 15:17:44.124388 2012] [ssl:warn] [pid 12960:tid 1] AH01873: Init: Session Cache is not configured [hint: SSLSessionCache]\n', '[Wed Sep 05 15:17:44.124552 2012] [lbmethod_heartbeat:notice] [pid 12960:tid 1] AH02282: No slotmem from mod_heartmonitor\n', '[Wed Sep 05 15:17:44.137850 2012] [example_hooks:notice] [pid 12960:tid 1] x_pre_mpm()\n', '[Wed Sep 05 15:17:44.181140 2012] [mpm_event:notice] [pid 12960:tid 1] AH00489: Apache/2.4.4-dev (Unix) OpenSSL/0.9.7d configured -- resuming normal operations\n', "[Wed Sep 05 15:17:44.181281 2012] [core:notice] [pid 12960:tid 1] AH00094: Command line: '/export/home/trawick/inst/24/bin/httpd'\n", '[Wed Sep 05 15:17:53.270808 2012] [example_hooks:notice] [pid 12960:tid 1] x_monitor()\n', '[Wed Sep 05 15:17:53.291659 2012] [example_hooks:notice] [pid 12962:tid 3] x_create_connection()\n', '[Wed Sep 05 15:17:53.292368 2012] [example_hooks:notice] [pid 12962:tid 3] x_create_request()\n', '[Wed Sep 05 15:17:53.298827 2012] [backtrace:notice] [pid 12962:tid 3] [diag_backtrace_init<diag_backtrace_init<ap_register_log_hooks<ap_register_log_hooks<diag_backtrace_init] [client 127.0.0.1:32870] ---MoD_bAcKtRaCe---\n', '[Wed Sep 05 15:17:53.300104 2012] [optional_fn_export:error] [pid 12962:tid 3] AH01871: Optional function test said: GET /backtrace/ HTTP/1.0\n', '[Wed Sep 05 15:17:53.300146 2012] [optional_hook_import:error] [pid 12962:tid 3] AH01866: Optional hook test said: GET /backtrace/ HTTP/1.0\n', '[Wed Sep 05 15:17:53.301307 2012] [example_hooks:notice] [pid 12962:tid 3] x_create_connection()\n', '[Wed Sep 05 15:17:53.301343 2012] [example_hooks:notice] [pid 12962:tid 3] x_create_request()\n', '[Wed Sep 05 15:17:53.301497 2012] [crash:notice] [pid 12962:tid 3] [client 127.0.0.1:32871] about to crash\n', '[Wed Sep 05 15:17:58.330602 2012] [core:notice] [pid 12960:tid 1] AH00051: child pid 12962 exit signal Segmentation fault (11), possible coredump in /export/home/trawick/inst/24\n', '[Wed Sep 05 15:18:02.370491 2012] [example_hooks:notice] [pid 12960:tid 1] x_monitor()\n', '[Wed Sep 05 15:18:08.002013 2012] [mpm_event:notice] [pid 12960:tid 1] AH00491: caught SIGTERM, shutting down\n']
